
*** Running vivado
    with args -log top.vdi -applog -m64 -product Vivado -messageDb vivado.pb -mode batch -source top.tcl -notrace



****** Vivado v2024.1 (64-bit)
  **** SW Build 5076996 on Wed May 22 18:37:14 MDT 2024
  **** IP Build 5075265 on Wed May 22 21:45:21 MDT 2024
  **** SharedData Build 5076995 on Wed May 22 18:29:18 MDT 2024
  **** Start of session at: Sat Nov  9 11:51:07 2024
    ** Copyright 1986-2022 Xilinx, Inc. All Rights Reserved.
    ** Copyright 2022-2024 Advanced Micro Devices, Inc. All Rights Reserved.

source top.tcl -notrace
create_project: Time (s): cpu = 00:00:04 ; elapsed = 00:00:09 . Memory (MB): peak = 556.855 ; gain = 202.855
Command: link_design -top top -part xc7s50csga324-1
Design is defaulting to srcset: sources_1
Design is defaulting to constrset: constrs_1
INFO: [Device 21-403] Loading part xc7s50csga324-1
INFO: [Device 21-9227] Part: xc7s50csga324-1 does not have CEAM library.
Netlist sorting complete. Time (s): cpu = 00:00:00 ; elapsed = 00:00:00.027 . Memory (MB): peak = 955.477 ; gain = 0.000
INFO: [Netlist 29-17] Analyzing 297 Unisim elements for replacement
INFO: [Netlist 29-28] Unisim Transformation completed in 0 CPU seconds
INFO: [Project 1-479] Netlist was created with Vivado 2024.1
INFO: [Project 1-570] Preparing netlist for logic optimization
Parsing XDC File [C:/Users/GeorgeKaladzeAmperox/fpga/project_5/project_5.srcs/constrs_1/new/boolean.xdc]
Finished Parsing XDC File [C:/Users/GeorgeKaladzeAmperox/fpga/project_5/project_5.srcs/constrs_1/new/boolean.xdc]
INFO: [Opt 31-138] Pushed 0 inverter(s) to 0 load pin(s).
Netlist sorting complete. Time (s): cpu = 00:00:00 ; elapsed = 00:00:00.001 . Memory (MB): peak = 1087.609 ; gain = 0.000
INFO: [Project 1-111] Unisim Transformation Summary:
No Unisim elements were transformed.

8 Infos, 0 Warnings, 0 Critical Warnings and 0 Errors encountered.
link_design completed successfully
link_design: Time (s): cpu = 00:00:03 ; elapsed = 00:00:07 . Memory (MB): peak = 1091.641 ; gain = 534.785
Command: opt_design
Attempting to get a license for feature 'Implementation' and/or device 'xc7s50'
INFO: [Common 17-349] Got license for feature 'Implementation' and/or device 'xc7s50'
Running DRC as a precondition to command opt_design

Starting DRC Task
INFO: [DRC 23-27] Running DRC with 2 threads
INFO: [Project 1-461] DRC finished with 0 Errors
INFO: [Project 1-462] Please refer to the DRC report (report_drc) for more information.

Time (s): cpu = 00:00:01 ; elapsed = 00:00:01 . Memory (MB): peak = 1117.695 ; gain = 26.055

Starting Cache Timing Information Task
INFO: [Timing 38-35] Done setting XDC timing constraints.
Ending Cache Timing Information Task | Checksum: 2f564c39e

Time (s): cpu = 00:00:03 ; elapsed = 00:00:08 . Memory (MB): peak = 1571.391 ; gain = 453.695

Starting Logic Optimization Task

Phase 1 Initialization

Phase 1.1 Core Generation And Design Setup
Phase 1.1 Core Generation And Design Setup | Checksum: 2f564c39e

Time (s): cpu = 00:00:00 ; elapsed = 00:00:00.002 . Memory (MB): peak = 1948.852 ; gain = 0.000

Phase 1.2 Setup Constraints And Sort Netlist
Phase 1.2 Setup Constraints And Sort Netlist | Checksum: 2f564c39e

Time (s): cpu = 00:00:00 ; elapsed = 00:00:00.004 . Memory (MB): peak = 1948.852 ; gain = 0.000
Phase 1 Initialization | Checksum: 2f564c39e

Time (s): cpu = 00:00:00 ; elapsed = 00:00:00.005 . Memory (MB): peak = 1948.852 ; gain = 0.000

Phase 2 Timer Update And Timing Data Collection

Phase 2.1 Timer Update
Phase 2.1 Timer Update | Checksum: 2f564c39e

Time (s): cpu = 00:00:00 ; elapsed = 00:00:00.085 . Memory (MB): peak = 1948.852 ; gain = 0.000

Phase 2.2 Timing Data Collection
Phase 2.2 Timing Data Collection | Checksum: 2f564c39e

Time (s): cpu = 00:00:00 ; elapsed = 00:00:00.093 . Memory (MB): peak = 1948.852 ; gain = 0.000
Phase 2 Timer Update And Timing Data Collection | Checksum: 2f564c39e

Time (s): cpu = 00:00:00 ; elapsed = 00:00:00.094 . Memory (MB): peak = 1948.852 ; gain = 0.000

Phase 3 Retarget
INFO: [Opt 31-1834] Total Chains To Be Transformed Were: 0 AND Number of Transformed insts Created are: 0
INFO: [Opt 31-138] Pushed 0 inverter(s) to 0 load pin(s).
INFO: [Opt 31-49] Retargeted 0 cell(s).
Phase 3 Retarget | Checksum: 2f564c39e

Time (s): cpu = 00:00:00 ; elapsed = 00:00:00.120 . Memory (MB): peak = 1948.852 ; gain = 0.000
Retarget | Checksum: 2f564c39e
INFO: [Opt 31-389] Phase Retarget created 0 cells and removed 0 cells

Phase 4 Constant propagation
INFO: [Opt 31-138] Pushed 0 inverter(s) to 0 load pin(s).
Phase 4 Constant propagation | Checksum: 350f60fb9

Time (s): cpu = 00:00:00 ; elapsed = 00:00:00.143 . Memory (MB): peak = 1948.852 ; gain = 0.000
Constant propagation | Checksum: 350f60fb9
INFO: [Opt 31-389] Phase Constant propagation created 0 cells and removed 0 cells

Phase 5 Sweep
Phase 5 Sweep | Checksum: 27bc443ee

Time (s): cpu = 00:00:00 ; elapsed = 00:00:00.184 . Memory (MB): peak = 1948.852 ; gain = 0.000
Sweep | Checksum: 27bc443ee
INFO: [Opt 31-389] Phase Sweep created 0 cells and removed 0 cells

Phase 6 BUFG optimization
Phase 6 BUFG optimization | Checksum: 27bc443ee

Time (s): cpu = 00:00:00 ; elapsed = 00:00:00.239 . Memory (MB): peak = 1948.852 ; gain = 0.000
BUFG optimization | Checksum: 27bc443ee
INFO: [Opt 31-662] Phase BUFG optimization created 0 cells of which 0 are BUFGs and removed 0 cells.

Phase 7 Shift Register Optimization
INFO: [Opt 31-1064] SRL Remap converted 0 SRLs to 0 registers and converted 0 registers of register chains to 0 SRLs
Phase 7 Shift Register Optimization | Checksum: 27bc443ee

Time (s): cpu = 00:00:00 ; elapsed = 00:00:00.243 . Memory (MB): peak = 1948.852 ; gain = 0.000
Shift Register Optimization | Checksum: 27bc443ee
INFO: [Opt 31-389] Phase Shift Register Optimization created 0 cells and removed 0 cells

Phase 8 Post Processing Netlist
Phase 8 Post Processing Netlist | Checksum: 27bc443ee

Time (s): cpu = 00:00:00 ; elapsed = 00:00:00.250 . Memory (MB): peak = 1948.852 ; gain = 0.000
Post Processing Netlist | Checksum: 27bc443ee
INFO: [Opt 31-389] Phase Post Processing Netlist created 0 cells and removed 0 cells

Phase 9 Finalization

Phase 9.1 Finalizing Design Cores and Updating Shapes
Phase 9.1 Finalizing Design Cores and Updating Shapes | Checksum: 2a87755ff

Time (s): cpu = 00:00:00 ; elapsed = 00:00:00.382 . Memory (MB): peak = 1948.852 ; gain = 0.000

Phase 9.2 Verifying Netlist Connectivity

Starting Connectivity Check Task

Time (s): cpu = 00:00:00 ; elapsed = 00:00:00.004 . Memory (MB): peak = 1948.852 ; gain = 0.000
Phase 9.2 Verifying Netlist Connectivity | Checksum: 2a87755ff

Time (s): cpu = 00:00:00 ; elapsed = 00:00:00.387 . Memory (MB): peak = 1948.852 ; gain = 0.000
Phase 9 Finalization | Checksum: 2a87755ff

Time (s): cpu = 00:00:00 ; elapsed = 00:00:00.388 . Memory (MB): peak = 1948.852 ; gain = 0.000
Opt_design Change Summary
=========================


-------------------------------------------------------------------------------------------------------------------------
|  Phase                        |  #Cells created  |  #Cells Removed  |  #Constrained objects preventing optimizations  |
-------------------------------------------------------------------------------------------------------------------------
|  Retarget                     |               0  |               0  |                                              0  |
|  Constant propagation         |               0  |               0  |                                              0  |
|  Sweep                        |               0  |               0  |                                              0  |
|  BUFG optimization            |               0  |               0  |                                              0  |
|  Shift Register Optimization  |               0  |               0  |                                              0  |
|  Post Processing Netlist      |               0  |               0  |                                              0  |
-------------------------------------------------------------------------------------------------------------------------


Ending Logic Optimization Task | Checksum: 2a87755ff

Time (s): cpu = 00:00:00 ; elapsed = 00:00:00.390 . Memory (MB): peak = 1948.852 ; gain = 0.000

Starting Power Optimization Task
INFO: [Pwropt 34-132] Skipping clock gating for clocks with a period < 2.00 ns.
Ending Power Optimization Task | Checksum: 2a87755ff

Time (s): cpu = 00:00:00 ; elapsed = 00:00:00.010 . Memory (MB): peak = 1948.852 ; gain = 0.000

Starting Final Cleanup Task
Ending Final Cleanup Task | Checksum: 2a87755ff

Time (s): cpu = 00:00:00 ; elapsed = 00:00:00 . Memory (MB): peak = 1948.852 ; gain = 0.000

Starting Netlist Obfuscation Task
Netlist sorting complete. Time (s): cpu = 00:00:00 ; elapsed = 00:00:00 . Memory (MB): peak = 1948.852 ; gain = 0.000
Ending Netlist Obfuscation Task | Checksum: 2a87755ff

Time (s): cpu = 00:00:00 ; elapsed = 00:00:00.001 . Memory (MB): peak = 1948.852 ; gain = 0.000
INFO: [Common 17-83] Releasing license: Implementation
26 Infos, 0 Warnings, 0 Critical Warnings and 0 Errors encountered.
opt_design completed successfully
opt_design: Time (s): cpu = 00:00:06 ; elapsed = 00:00:13 . Memory (MB): peak = 1948.852 ; gain = 857.211
INFO: [Vivado 12-24828] Executing command : report_drc -file top_drc_opted.rpt -pb top_drc_opted.pb -rpx top_drc_opted.rpx
Command: report_drc -file top_drc_opted.rpt -pb top_drc_opted.pb -rpx top_drc_opted.rpx
INFO: [IP_Flow 19-234] Refreshing IP repositories
INFO: [IP_Flow 19-1704] No user IP repositories specified
INFO: [IP_Flow 19-2313] Loaded Vivado IP repository 'C:/Xilinx/Vivado/2024.1/data/ip'.
INFO: [DRC 23-27] Running DRC with 2 threads
INFO: [Vivado_Tcl 2-168] The results of DRC are in file C:/Users/GeorgeKaladzeAmperox/fpga/project_5/project_5.runs/impl_1/top_drc_opted.rpt.
report_drc completed successfully
INFO: [Timing 38-480] Writing timing data to binary archive.
Write ShapeDB Complete: Time (s): cpu = 00:00:00 ; elapsed = 00:00:00.006 . Memory (MB): peak = 1948.852 ; gain = 0.000
Wrote PlaceDB: Time (s): cpu = 00:00:00 ; elapsed = 00:00:00.005 . Memory (MB): peak = 1948.852 ; gain = 0.000
Wrote PulsedLatchDB: Time (s): cpu = 00:00:00 ; elapsed = 00:00:00 . Memory (MB): peak = 1948.852 ; gain = 0.000
Writing XDEF routing.
Writing XDEF routing logical nets.
Writing XDEF routing special nets.
Wrote RouteStorage: Time (s): cpu = 00:00:00 ; elapsed = 00:00:00.065 . Memory (MB): peak = 1948.852 ; gain = 0.000
Wrote Netlist Cache: Time (s): cpu = 00:00:00 ; elapsed = 00:00:00 . Memory (MB): peak = 1948.852 ; gain = 0.000
Wrote Device Cache: Time (s): cpu = 00:00:00 ; elapsed = 00:00:00.008 . Memory (MB): peak = 1948.852 ; gain = 0.000
Write Physdb Complete: Time (s): cpu = 00:00:00 ; elapsed = 00:00:00.086 . Memory (MB): peak = 1948.852 ; gain = 0.000
INFO: [Common 17-1381] The checkpoint 'C:/Users/GeorgeKaladzeAmperox/fpga/project_5/project_5.runs/impl_1/top_opt.dcp' has been generated.
Command: place_design
Attempting to get a license for feature 'Implementation' and/or device 'xc7s50'
INFO: [Common 17-349] Got license for feature 'Implementation' and/or device 'xc7s50'
INFO: [Common 17-83] Releasing license: Implementation
INFO: [DRC 23-27] Running DRC with 2 threads
INFO: [Vivado_Tcl 4-198] DRC finished with 0 Errors
INFO: [Vivado_Tcl 4-199] Please refer to the DRC report (report_drc) for more information.
Running DRC as a precondition to command place_design
INFO: [DRC 23-27] Running DRC with 2 threads
INFO: [Vivado_Tcl 4-198] DRC finished with 0 Errors
INFO: [Vivado_Tcl 4-199] Please refer to the DRC report (report_drc) for more information.
INFO: [Place 30-611] Multithreading enabled for place_design using a maximum of 2 CPUs

Starting Placer Task

Phase 1 Placer Initialization

Phase 1.1 Placer Initialization Netlist Sorting
Netlist sorting complete. Time (s): cpu = 00:00:00 ; elapsed = 00:00:00.001 . Memory (MB): peak = 1948.852 ; gain = 0.000
Phase 1.1 Placer Initialization Netlist Sorting | Checksum: 1c4d2cda9

Time (s): cpu = 00:00:00 ; elapsed = 00:00:00.003 . Memory (MB): peak = 1948.852 ; gain = 0.000
Netlist sorting complete. Time (s): cpu = 00:00:00 ; elapsed = 00:00:00.001 . Memory (MB): peak = 1948.852 ; gain = 0.000

Phase 1.2 IO Placement/ Clock Placement/ Build Placer Device
INFO: [Timing 38-35] Done setting XDC timing constraints.
Phase 1.2 IO Placement/ Clock Placement/ Build Placer Device | Checksum: 27eda1dc0

Time (s): cpu = 00:00:00 ; elapsed = 00:00:00.592 . Memory (MB): peak = 1948.852 ; gain = 0.000

Phase 1.3 Build Placer Netlist Model
Phase 1.3 Build Placer Netlist Model | Checksum: 347ec7482

Time (s): cpu = 00:00:01 ; elapsed = 00:00:01 . Memory (MB): peak = 1948.852 ; gain = 0.000

Phase 1.4 Constrain Clocks/Macros
Phase 1.4 Constrain Clocks/Macros | Checksum: 347ec7482

Time (s): cpu = 00:00:01 ; elapsed = 00:00:01 . Memory (MB): peak = 1948.852 ; gain = 0.000
Phase 1 Placer Initialization | Checksum: 347ec7482

Time (s): cpu = 00:00:01 ; elapsed = 00:00:01 . Memory (MB): peak = 1948.852 ; gain = 0.000

Phase 2 Global Placement

Phase 2.1 Floorplanning
Phase 2.1 Floorplanning | Checksum: 3607b032e

Time (s): cpu = 00:00:01 ; elapsed = 00:00:01 . Memory (MB): peak = 1948.852 ; gain = 0.000

Phase 2.2 Update Timing before SLR Path Opt
Phase 2.2 Update Timing before SLR Path Opt | Checksum: 30d29465c

Time (s): cpu = 00:00:01 ; elapsed = 00:00:02 . Memory (MB): peak = 1948.852 ; gain = 0.000

Phase 2.3 Post-Processing in Floorplanning
Phase 2.3 Post-Processing in Floorplanning | Checksum: 30d29465c

Time (s): cpu = 00:00:01 ; elapsed = 00:00:02 . Memory (MB): peak = 1948.852 ; gain = 0.000

Phase 2.4 Global Placement Core

Phase 2.4.1 UpdateTiming Before Physical Synthesis
Phase 2.4.1 UpdateTiming Before Physical Synthesis | Checksum: 337e131d8

Time (s): cpu = 00:00:02 ; elapsed = 00:00:04 . Memory (MB): peak = 1948.852 ; gain = 0.000

Phase 2.4.2 Physical Synthesis In Placer
INFO: [Physopt 32-1035] Found 0 LUTNM shape to break, 12 LUT instances to create LUTNM shape
INFO: [Physopt 32-1044] Break lutnm for timing: one critical 0, two critical 0, total 0, new lutff created 0
INFO: [Physopt 32-1138] End 1 Pass. Optimized 1 net or LUT. Breaked 0 LUT, combined 1 existing LUT and moved 0 existing LUT
INFO: [Physopt 32-65] No nets found for high-fanout optimization.
INFO: [Physopt 32-232] Optimized 0 net. Created 0 new instance.
INFO: [Physopt 32-775] End 1 Pass. Optimized 0 net or cell. Created 0 new cell, deleted 0 existing cell and moved 0 existing cell
INFO: [Physopt 32-456] No candidate cells for DSP register optimization found in the design.
INFO: [Physopt 32-775] End 2 Pass. Optimized 0 net or cell. Created 0 new cell, deleted 0 existing cell and moved 0 existing cell
INFO: [Physopt 32-1123] No candidate cells found for Shift Register to Pipeline optimization
INFO: [Physopt 32-775] End 2 Pass. Optimized 0 net or cell. Created 0 new cell, deleted 0 existing cell and moved 0 existing cell
INFO: [Physopt 32-1401] No candidate cells found for Shift Register optimization.
INFO: [Physopt 32-677] No candidate cells for Shift Register optimization found in the design
INFO: [Physopt 32-775] End 1 Pass. Optimized 0 net or cell. Created 0 new cell, deleted 0 existing cell and moved 0 existing cell
INFO: [Physopt 32-526] No candidate cells for BRAM register optimization found in the design
INFO: [Physopt 32-775] End 1 Pass. Optimized 0 net or cell. Created 0 new cell, deleted 0 existing cell and moved 0 existing cell
INFO: [Physopt 32-846] No candidate cells for URAM register optimization found in the design
INFO: [Physopt 32-775] End 1 Pass. Optimized 0 net or cell. Created 0 new cell, deleted 0 existing cell and moved 0 existing cell
INFO: [Physopt 32-846] No candidate cells for URAM register optimization found in the design
INFO: [Physopt 32-775] End 1 Pass. Optimized 0 net or cell. Created 0 new cell, deleted 0 existing cell and moved 0 existing cell
INFO: [Physopt 32-949] No candidate nets found for dynamic/static region interface net replication
INFO: [Physopt 32-775] End 1 Pass. Optimized 0 net or cell. Created 0 new cell, deleted 0 existing cell and moved 0 existing cell
Netlist sorting complete. Time (s): cpu = 00:00:00 ; elapsed = 00:00:00.001 . Memory (MB): peak = 1948.852 ; gain = 0.000

Summary of Physical Synthesis Optimizations
============================================


-----------------------------------------------------------------------------------------------------------------------------------------------------------
|  Optimization                                     |  Added Cells  |  Removed Cells  |  Optimized Cells/Nets  |  Dont Touch  |  Iterations  |  Elapsed   |
-----------------------------------------------------------------------------------------------------------------------------------------------------------
|  LUT Combining                                    |            0  |              1  |                     1  |           0  |           1  |  00:00:00  |
|  Retime                                           |            0  |              0  |                     0  |           0  |           1  |  00:00:00  |
|  Very High Fanout                                 |            0  |              0  |                     0  |           0  |           1  |  00:00:00  |
|  DSP Register                                     |            0  |              0  |                     0  |           0  |           1  |  00:00:00  |
|  Shift Register to Pipeline                       |            0  |              0  |                     0  |           0  |           1  |  00:00:00  |
|  Shift Register                                   |            0  |              0  |                     0  |           0  |           1  |  00:00:00  |
|  BRAM Register                                    |            0  |              0  |                     0  |           0  |           1  |  00:00:00  |
|  URAM Register                                    |            0  |              0  |                     0  |           0  |           1  |  00:00:00  |
|  Dynamic/Static Region Interface Net Replication  |            0  |              0  |                     0  |           0  |           1  |  00:00:00  |
|  Total                                            |            0  |              1  |                     1  |           0  |           9  |  00:00:00  |
-----------------------------------------------------------------------------------------------------------------------------------------------------------


Phase 2.4.2 Physical Synthesis In Placer | Checksum: 32165cff0

Time (s): cpu = 00:00:02 ; elapsed = 00:00:05 . Memory (MB): peak = 1948.852 ; gain = 0.000
Phase 2.4 Global Placement Core | Checksum: 2e5c16e0b

Time (s): cpu = 00:00:03 ; elapsed = 00:00:05 . Memory (MB): peak = 1948.852 ; gain = 0.000
Phase 2 Global Placement | Checksum: 2e5c16e0b

Time (s): cpu = 00:00:03 ; elapsed = 00:00:05 . Memory (MB): peak = 1948.852 ; gain = 0.000

Phase 3 Detail Placement

Phase 3.1 Commit Multi Column Macros
Phase 3.1 Commit Multi Column Macros | Checksum: 364f82e90

Time (s): cpu = 00:00:03 ; elapsed = 00:00:05 . Memory (MB): peak = 1948.852 ; gain = 0.000

Phase 3.2 Commit Most Macros & LUTRAMs
Phase 3.2 Commit Most Macros & LUTRAMs | Checksum: 198b74a67

Time (s): cpu = 00:00:03 ; elapsed = 00:00:05 . Memory (MB): peak = 1948.852 ; gain = 0.000

Phase 3.3 Area Swap Optimization
Phase 3.3 Area Swap Optimization | Checksum: 1a2a61e8f

Time (s): cpu = 00:00:03 ; elapsed = 00:00:05 . Memory (MB): peak = 1948.852 ; gain = 0.000

Phase 3.4 Pipeline Register Optimization
Phase 3.4 Pipeline Register Optimization | Checksum: 1b15bc90e

Time (s): cpu = 00:00:03 ; elapsed = 00:00:05 . Memory (MB): peak = 1948.852 ; gain = 0.000

Phase 3.5 Fast Optimization
Phase 3.5 Fast Optimization | Checksum: 1ee757888

Time (s): cpu = 00:00:04 ; elapsed = 00:00:10 . Memory (MB): peak = 1948.852 ; gain = 0.000

Phase 3.6 Small Shape Detail Placement
Phase 3.6 Small Shape Detail Placement | Checksum: 256da4ca8

Time (s): cpu = 00:00:04 ; elapsed = 00:00:11 . Memory (MB): peak = 1948.852 ; gain = 0.000

Phase 3.7 Re-assign LUT pins
Phase 3.7 Re-assign LUT pins | Checksum: 22d34045d

Time (s): cpu = 00:00:04 ; elapsed = 00:00:11 . Memory (MB): peak = 1948.852 ; gain = 0.000

Phase 3.8 Pipeline Register Optimization
Phase 3.8 Pipeline Register Optimization | Checksum: 23ef9a9de

Time (s): cpu = 00:00:04 ; elapsed = 00:00:11 . Memory (MB): peak = 1948.852 ; gain = 0.000

Phase 3.9 Fast Optimization
Phase 3.9 Fast Optimization | Checksum: 1a5228a42

Time (s): cpu = 00:00:06 ; elapsed = 00:00:16 . Memory (MB): peak = 1948.852 ; gain = 0.000
Phase 3 Detail Placement | Checksum: 1a5228a42

Time (s): cpu = 00:00:06 ; elapsed = 00:00:16 . Memory (MB): peak = 1948.852 ; gain = 0.000

Phase 4 Post Placement Optimization and Clean-Up

Phase 4.1 Post Commit Optimization
INFO: [Timing 38-35] Done setting XDC timing constraints.

Phase 4.1.1 Post Placement Optimization
Post Placement Optimization Initialization | Checksum: 2707fd762

Phase 4.1.1.1 BUFG Insertion

Starting Physical Synthesis Task

Phase 1 Physical Synthesis Initialization
INFO: [Physopt 32-721] Multithreading enabled for phys_opt_design using a maximum of 2 CPUs
INFO: [Physopt 32-619] Estimated Timing Summary | WNS=-62.448 | TNS=-4050.091 |
Phase 1 Physical Synthesis Initialization | Checksum: 29fd6e4ef

Time (s): cpu = 00:00:00 ; elapsed = 00:00:00.089 . Memory (MB): peak = 1948.852 ; gain = 0.000
INFO: [Place 46-56] BUFG insertion identified 0 candidate nets. Inserted BUFG: 0, Replicated BUFG Driver: 0, Skipped due to Placement/Routing Conflicts: 0, Skipped due to Timing Degradation: 0, Skipped due to netlist editing failed: 0.
Ending Physical Synthesis Task | Checksum: 2723eef11

Time (s): cpu = 00:00:00 ; elapsed = 00:00:00.108 . Memory (MB): peak = 1948.852 ; gain = 0.000
Phase 4.1.1.1 BUFG Insertion | Checksum: 2707fd762

Time (s): cpu = 00:00:06 ; elapsed = 00:00:17 . Memory (MB): peak = 1948.852 ; gain = 0.000

Phase 4.1.1.2 Post Placement Timing Optimization
INFO: [Place 30-746] Post Placement Timing Summary WNS=-61.628. For the most accurate timing information please run report_timing.
Phase 4.1.1.2 Post Placement Timing Optimization | Checksum: 23e688af2

Time (s): cpu = 00:00:08 ; elapsed = 00:00:23 . Memory (MB): peak = 1948.852 ; gain = 0.000

Time (s): cpu = 00:00:08 ; elapsed = 00:00:23 . Memory (MB): peak = 1948.852 ; gain = 0.000
Phase 4.1 Post Commit Optimization | Checksum: 23e688af2

Time (s): cpu = 00:00:08 ; elapsed = 00:00:23 . Memory (MB): peak = 1948.852 ; gain = 0.000

Phase 4.2 Post Placement Cleanup
Phase 4.2 Post Placement Cleanup | Checksum: 23e688af2

Time (s): cpu = 00:00:08 ; elapsed = 00:00:23 . Memory (MB): peak = 1948.852 ; gain = 0.000

Phase 4.3 Placer Reporting

Phase 4.3.1 Print Estimated Congestion
INFO: [Place 30-612] Post-Placement Estimated Congestion 
 ____________________________________________________
|           | Global Congestion | Short Congestion  |
| Direction | Region Size       | Region Size       |
|___________|___________________|___________________|
|      North|                1x1|                1x1|
|___________|___________________|___________________|
|      South|                1x1|                1x1|
|___________|___________________|___________________|
|       East|                1x1|                1x1|
|___________|___________________|___________________|
|       West|                1x1|                1x1|
|___________|___________________|___________________|

Phase 4.3.1 Print Estimated Congestion | Checksum: 23e688af2

Time (s): cpu = 00:00:08 ; elapsed = 00:00:23 . Memory (MB): peak = 1948.852 ; gain = 0.000
Phase 4.3 Placer Reporting | Checksum: 23e688af2

Time (s): cpu = 00:00:08 ; elapsed = 00:00:23 . Memory (MB): peak = 1948.852 ; gain = 0.000

Phase 4.4 Final Placement Cleanup
Netlist sorting complete. Time (s): cpu = 00:00:00 ; elapsed = 00:00:00.001 . Memory (MB): peak = 1948.852 ; gain = 0.000

Time (s): cpu = 00:00:08 ; elapsed = 00:00:23 . Memory (MB): peak = 1948.852 ; gain = 0.000
Phase 4 Post Placement Optimization and Clean-Up | Checksum: 1825b5641

Time (s): cpu = 00:00:08 ; elapsed = 00:00:23 . Memory (MB): peak = 1948.852 ; gain = 0.000
Ending Placer Task | Checksum: cee52a88

Time (s): cpu = 00:00:09 ; elapsed = 00:00:23 . Memory (MB): peak = 1948.852 ; gain = 0.000
71 Infos, 0 Warnings, 0 Critical Warnings and 0 Errors encountered.
place_design completed successfully
place_design: Time (s): cpu = 00:00:10 ; elapsed = 00:00:25 . Memory (MB): peak = 1948.852 ; gain = 0.000
INFO: [Vivado 12-24838] Running report commands "report_control_sets, report_io, report_utilization" in parallel.
Running report generation with 2 threads.
INFO: [Vivado 12-24828] Executing command : report_utilization -file top_utilization_placed.rpt -pb top_utilization_placed.pb
INFO: [Vivado 12-24828] Executing command : report_control_sets -verbose -file top_control_sets_placed.rpt
report_control_sets: Time (s): cpu = 00:00:00 ; elapsed = 00:00:00.009 . Memory (MB): peak = 1948.852 ; gain = 0.000
INFO: [Vivado 12-24828] Executing command : report_io -file top_io_placed.rpt
report_io: Time (s): cpu = 00:00:00 ; elapsed = 00:00:00.083 . Memory (MB): peak = 1948.852 ; gain = 0.000
INFO: [Timing 38-480] Writing timing data to binary archive.
Write ShapeDB Complete: Time (s): cpu = 00:00:00 ; elapsed = 00:00:00.011 . Memory (MB): peak = 1956.715 ; gain = 0.035
Wrote PlaceDB: Time (s): cpu = 00:00:00 ; elapsed = 00:00:00.228 . Memory (MB): peak = 1958.609 ; gain = 1.895
Wrote PulsedLatchDB: Time (s): cpu = 00:00:00 ; elapsed = 00:00:00 . Memory (MB): peak = 1958.609 ; gain = 0.000
Writing XDEF routing.
Writing XDEF routing logical nets.
Writing XDEF routing special nets.
Wrote RouteStorage: Time (s): cpu = 00:00:00 ; elapsed = 00:00:00.019 . Memory (MB): peak = 1958.609 ; gain = 0.000
Wrote Netlist Cache: Time (s): cpu = 00:00:00 ; elapsed = 00:00:00.006 . Memory (MB): peak = 1958.609 ; gain = 0.000
Wrote Device Cache: Time (s): cpu = 00:00:00 ; elapsed = 00:00:00.008 . Memory (MB): peak = 1958.609 ; gain = 0.000
Write Physdb Complete: Time (s): cpu = 00:00:00 ; elapsed = 00:00:00.269 . Memory (MB): peak = 1958.609 ; gain = 1.895
INFO: [Common 17-1381] The checkpoint 'C:/Users/GeorgeKaladzeAmperox/fpga/project_5/project_5.runs/impl_1/top_placed.dcp' has been generated.
Command: phys_opt_design
Attempting to get a license for feature 'Implementation' and/or device 'xc7s50'
INFO: [Common 17-349] Got license for feature 'Implementation' and/or device 'xc7s50'

Starting Initial Update Timing Task

Time (s): cpu = 00:00:00 ; elapsed = 00:00:00.347 . Memory (MB): peak = 1971.211 ; gain = 12.602
INFO: [Vivado_Tcl 4-1435] PhysOpt_Tcl_Interface Runtime Before Starting Physical Synthesis Task | CPU: 0.00s |  WALL: 0.39s
Netlist sorting complete. Time (s): cpu = 00:00:00 ; elapsed = 00:00:00.001 . Memory (MB): peak = 1971.211 ; gain = 0.000

Starting Physical Synthesis Task

Phase 1 Physical Synthesis Initialization
INFO: [Physopt 32-721] Multithreading enabled for phys_opt_design using a maximum of 2 CPUs
INFO: [Physopt 32-619] Estimated Timing Summary | WNS=-61.328 | TNS=-3977.292 |
Phase 1 Physical Synthesis Initialization | Checksum: 14bb35b2f

Time (s): cpu = 00:00:01 ; elapsed = 00:00:00.251 . Memory (MB): peak = 1971.246 ; gain = 0.035
INFO: [Physopt 32-619] Estimated Timing Summary | WNS=-61.328 | TNS=-3977.292 |

Phase 2 DSP Register Optimization
INFO: [Physopt 32-456] No candidate cells for DSP register optimization found in the design.
INFO: [Physopt 32-775] End 2 Pass. Optimized 0 net or cell. Created 0 new cell, deleted 0 existing cell and moved 0 existing cell
Phase 2 DSP Register Optimization | Checksum: 14bb35b2f

Time (s): cpu = 00:00:01 ; elapsed = 00:00:00.261 . Memory (MB): peak = 1971.246 ; gain = 0.035

Phase 3 Critical Path Optimization
INFO: [Physopt 32-619] Estimated Timing Summary | WNS=-61.328 | TNS=-3977.292 |
INFO: [Physopt 32-663] Processed net shift_counter_reg[0].  Re-placed instance shift_counter_reg[0]
INFO: [Physopt 32-735] Processed net shift_counter_reg[0]. Optimization improves timing on the net.
INFO: [Physopt 32-619] Estimated Timing Summary | WNS=-61.328 | TNS=-3977.057 |
INFO: [Physopt 32-663] Processed net shift_counter_reg[1].  Re-placed instance shift_counter_reg[1]
INFO: [Physopt 32-735] Processed net shift_counter_reg[1]. Optimization improves timing on the net.
INFO: [Physopt 32-619] Estimated Timing Summary | WNS=-61.328 | TNS=-3976.822 |
INFO: [Physopt 32-663] Processed net shift_counter_reg[2].  Re-placed instance shift_counter_reg[2]
INFO: [Physopt 32-735] Processed net shift_counter_reg[2]. Optimization improves timing on the net.
INFO: [Physopt 32-619] Estimated Timing Summary | WNS=-61.328 | TNS=-3976.587 |
INFO: [Physopt 32-663] Processed net shift_counter_reg[3].  Re-placed instance shift_counter_reg[3]
INFO: [Physopt 32-735] Processed net shift_counter_reg[3]. Optimization improves timing on the net.
INFO: [Physopt 32-619] Estimated Timing Summary | WNS=-61.323 | TNS=-3976.352 |
INFO: [Physopt 32-663] Processed net shift_counter_reg[52].  Re-placed instance shift_counter_reg[52]
INFO: [Physopt 32-735] Processed net shift_counter_reg[52]. Optimization improves timing on the net.
INFO: [Physopt 32-619] Estimated Timing Summary | WNS=-61.323 | TNS=-3976.140 |
INFO: [Physopt 32-663] Processed net shift_counter_reg[53].  Re-placed instance shift_counter_reg[53]
INFO: [Physopt 32-735] Processed net shift_counter_reg[53]. Optimization improves timing on the net.
INFO: [Physopt 32-619] Estimated Timing Summary | WNS=-61.323 | TNS=-3975.928 |
INFO: [Physopt 32-663] Processed net shift_counter_reg[54].  Re-placed instance shift_counter_reg[54]
INFO: [Physopt 32-735] Processed net shift_counter_reg[54]. Optimization improves timing on the net.
INFO: [Physopt 32-619] Estimated Timing Summary | WNS=-61.323 | TNS=-3975.716 |
INFO: [Physopt 32-663] Processed net shift_counter_reg[55].  Re-placed instance shift_counter_reg[55]
INFO: [Physopt 32-735] Processed net shift_counter_reg[55]. Optimization improves timing on the net.
INFO: [Physopt 32-619] Estimated Timing Summary | WNS=-61.322 | TNS=-3975.504 |
INFO: [Physopt 32-663] Processed net shift_counter_reg[48].  Re-placed instance shift_counter_reg[48]
INFO: [Physopt 32-735] Processed net shift_counter_reg[48]. Optimization improves timing on the net.
INFO: [Physopt 32-619] Estimated Timing Summary | WNS=-61.322 | TNS=-3975.293 |
INFO: [Physopt 32-663] Processed net shift_counter_reg[49].  Re-placed instance shift_counter_reg[49]
INFO: [Physopt 32-735] Processed net shift_counter_reg[49]. Optimization improves timing on the net.
INFO: [Physopt 32-619] Estimated Timing Summary | WNS=-61.322 | TNS=-3975.082 |
INFO: [Physopt 32-663] Processed net shift_counter_reg[50].  Re-placed instance shift_counter_reg[50]
INFO: [Physopt 32-735] Processed net shift_counter_reg[50]. Optimization improves timing on the net.
INFO: [Physopt 32-619] Estimated Timing Summary | WNS=-61.322 | TNS=-3974.871 |
INFO: [Physopt 32-663] Processed net shift_counter_reg[51].  Re-placed instance shift_counter_reg[51]
INFO: [Physopt 32-735] Processed net shift_counter_reg[51]. Optimization improves timing on the net.
INFO: [Physopt 32-619] Estimated Timing Summary | WNS=-61.285 | TNS=-3974.660 |
INFO: [Physopt 32-663] Processed net shift_counter_reg[20].  Re-placed instance shift_counter_reg[20]
INFO: [Physopt 32-735] Processed net shift_counter_reg[20]. Optimization improves timing on the net.
INFO: [Physopt 32-619] Estimated Timing Summary | WNS=-61.285 | TNS=-3974.373 |
INFO: [Physopt 32-663] Processed net shift_counter_reg[21].  Re-placed instance shift_counter_reg[21]
INFO: [Physopt 32-735] Processed net shift_counter_reg[21]. Optimization improves timing on the net.
INFO: [Physopt 32-619] Estimated Timing Summary | WNS=-61.285 | TNS=-3974.086 |
INFO: [Physopt 32-663] Processed net shift_counter_reg[22].  Re-placed instance shift_counter_reg[22]
INFO: [Physopt 32-735] Processed net shift_counter_reg[22]. Optimization improves timing on the net.
INFO: [Physopt 32-619] Estimated Timing Summary | WNS=-61.285 | TNS=-3973.799 |
INFO: [Physopt 32-663] Processed net shift_counter_reg[23].  Re-placed instance shift_counter_reg[23]
INFO: [Physopt 32-735] Processed net shift_counter_reg[23]. Optimization improves timing on the net.
INFO: [Physopt 32-619] Estimated Timing Summary | WNS=-61.280 | TNS=-3973.512 |
INFO: [Physopt 32-663] Processed net shift_counter_reg[56].  Re-placed instance shift_counter_reg[56]
INFO: [Physopt 32-735] Processed net shift_counter_reg[56]. Optimization improves timing on the net.
INFO: [Physopt 32-619] Estimated Timing Summary | WNS=-61.280 | TNS=-3973.248 |
INFO: [Physopt 32-663] Processed net shift_counter_reg[57].  Re-placed instance shift_counter_reg[57]
INFO: [Physopt 32-735] Processed net shift_counter_reg[57]. Optimization improves timing on the net.
INFO: [Physopt 32-619] Estimated Timing Summary | WNS=-61.280 | TNS=-3972.984 |
INFO: [Physopt 32-663] Processed net shift_counter_reg[58].  Re-placed instance shift_counter_reg[58]
INFO: [Physopt 32-735] Processed net shift_counter_reg[58]. Optimization improves timing on the net.
INFO: [Physopt 32-619] Estimated Timing Summary | WNS=-61.280 | TNS=-3972.720 |
INFO: [Physopt 32-663] Processed net shift_counter_reg[59].  Re-placed instance shift_counter_reg[59]
INFO: [Physopt 32-735] Processed net shift_counter_reg[59]. Optimization improves timing on the net.
INFO: [Physopt 32-619] Estimated Timing Summary | WNS=-61.248 | TNS=-3972.455 |
INFO: [Physopt 32-663] Processed net shift_counter_reg[16].  Re-placed instance shift_counter_reg[16]
INFO: [Physopt 32-735] Processed net shift_counter_reg[16]. Optimization improves timing on the net.
INFO: [Physopt 32-619] Estimated Timing Summary | WNS=-61.248 | TNS=-3972.350 |
INFO: [Physopt 32-663] Processed net shift_counter_reg[17].  Re-placed instance shift_counter_reg[17]
INFO: [Physopt 32-735] Processed net shift_counter_reg[17]. Optimization improves timing on the net.
INFO: [Physopt 32-619] Estimated Timing Summary | WNS=-61.248 | TNS=-3972.244 |
INFO: [Physopt 32-663] Processed net shift_counter_reg[18].  Re-placed instance shift_counter_reg[18]
INFO: [Physopt 32-735] Processed net shift_counter_reg[18]. Optimization improves timing on the net.
INFO: [Physopt 32-619] Estimated Timing Summary | WNS=-61.248 | TNS=-3972.138 |
INFO: [Physopt 32-663] Processed net shift_counter_reg[19].  Re-placed instance shift_counter_reg[19]
INFO: [Physopt 32-735] Processed net shift_counter_reg[19]. Optimization improves timing on the net.
INFO: [Physopt 32-619] Estimated Timing Summary | WNS=-61.246 | TNS=-3972.032 |
INFO: [Physopt 32-663] Processed net shift_counter_reg[4].  Re-placed instance shift_counter_reg[4]
INFO: [Physopt 32-735] Processed net shift_counter_reg[4]. Optimization improves timing on the net.
INFO: [Physopt 32-619] Estimated Timing Summary | WNS=-61.246 | TNS=-3971.832 |
INFO: [Physopt 32-663] Processed net shift_counter_reg[5].  Re-placed instance shift_counter_reg[5]
INFO: [Physopt 32-735] Processed net shift_counter_reg[5]. Optimization improves timing on the net.
INFO: [Physopt 32-619] Estimated Timing Summary | WNS=-61.246 | TNS=-3971.634 |
INFO: [Physopt 32-663] Processed net shift_counter_reg[6].  Re-placed instance shift_counter_reg[6]
INFO: [Physopt 32-735] Processed net shift_counter_reg[6]. Optimization improves timing on the net.
INFO: [Physopt 32-619] Estimated Timing Summary | WNS=-61.246 | TNS=-3971.435 |
INFO: [Physopt 32-663] Processed net shift_counter_reg[7].  Re-placed instance shift_counter_reg[7]
INFO: [Physopt 32-735] Processed net shift_counter_reg[7]. Optimization improves timing on the net.
INFO: [Physopt 32-619] Estimated Timing Summary | WNS=-61.244 | TNS=-3971.236 |
INFO: [Physopt 32-663] Processed net shift_counter_reg[10].  Re-placed instance shift_counter_reg[10]
INFO: [Physopt 32-735] Processed net shift_counter_reg[10]. Optimization improves timing on the net.
INFO: [Physopt 32-619] Estimated Timing Summary | WNS=-61.244 | TNS=-3971.141 |
INFO: [Physopt 32-663] Processed net shift_counter_reg[11].  Re-placed instance shift_counter_reg[11]
INFO: [Physopt 32-735] Processed net shift_counter_reg[11]. Optimization improves timing on the net.
INFO: [Physopt 32-619] Estimated Timing Summary | WNS=-61.244 | TNS=-3971.046 |
INFO: [Physopt 32-619] Estimated Timing Summary | WNS=-61.244 | TNS=-3971.046 |
Netlist sorting complete. Time (s): cpu = 00:00:00 ; elapsed = 00:00:00.001 . Memory (MB): peak = 1971.246 ; gain = 0.000
Phase 3 Critical Path Optimization | Checksum: 1d45ecc92

Time (s): cpu = 00:00:01 ; elapsed = 00:00:02 . Memory (MB): peak = 1971.246 ; gain = 0.035

Phase 4 Critical Path Optimization
INFO: [Physopt 32-619] Estimated Timing Summary | WNS=-61.244 | TNS=-3971.046 |
INFO: [Physopt 32-663] Processed net shift_counter_reg[8].  Re-placed instance shift_counter_reg[8]
INFO: [Physopt 32-735] Processed net shift_counter_reg[8]. Optimization improves timing on the net.
INFO: [Physopt 32-619] Estimated Timing Summary | WNS=-61.244 | TNS=-3970.951 |
INFO: [Physopt 32-663] Processed net shift_counter_reg[9].  Re-placed instance shift_counter_reg[9]
INFO: [Physopt 32-735] Processed net shift_counter_reg[9]. Optimization improves timing on the net.
INFO: [Physopt 32-619] Estimated Timing Summary | WNS=-61.242 | TNS=-3970.856 |
INFO: [Physopt 32-663] Processed net shift_counter_reg[60].  Re-placed instance shift_counter_reg[60]
INFO: [Physopt 32-735] Processed net shift_counter_reg[60]. Optimization improves timing on the net.
INFO: [Physopt 32-619] Estimated Timing Summary | WNS=-61.242 | TNS=-3970.763 |
INFO: [Physopt 32-663] Processed net shift_counter_reg[61].  Re-placed instance shift_counter_reg[61]
INFO: [Physopt 32-735] Processed net shift_counter_reg[61]. Optimization improves timing on the net.
INFO: [Physopt 32-619] Estimated Timing Summary | WNS=-61.242 | TNS=-3970.670 |
INFO: [Physopt 32-663] Processed net shift_counter_reg[62].  Re-placed instance shift_counter_reg[62]
INFO: [Physopt 32-735] Processed net shift_counter_reg[62]. Optimization improves timing on the net.
INFO: [Physopt 32-619] Estimated Timing Summary | WNS=-61.242 | TNS=-3970.577 |
INFO: [Physopt 32-663] Processed net shift_counter_reg[63].  Re-placed instance shift_counter_reg[63]
INFO: [Physopt 32-735] Processed net shift_counter_reg[63]. Optimization improves timing on the net.
INFO: [Physopt 32-619] Estimated Timing Summary | WNS=-61.233 | TNS=-3970.484 |
INFO: [Physopt 32-663] Processed net shift_counter_reg[24].  Re-placed instance shift_counter_reg[24]
INFO: [Physopt 32-735] Processed net shift_counter_reg[24]. Optimization improves timing on the net.
INFO: [Physopt 32-619] Estimated Timing Summary | WNS=-61.233 | TNS=-3970.305 |
INFO: [Physopt 32-663] Processed net shift_counter_reg[25].  Re-placed instance shift_counter_reg[25]
INFO: [Physopt 32-735] Processed net shift_counter_reg[25]. Optimization improves timing on the net.
INFO: [Physopt 32-619] Estimated Timing Summary | WNS=-61.233 | TNS=-3970.126 |
INFO: [Physopt 32-663] Processed net shift_counter_reg[26].  Re-placed instance shift_counter_reg[26]
INFO: [Physopt 32-735] Processed net shift_counter_reg[26]. Optimization improves timing on the net.
INFO: [Physopt 32-619] Estimated Timing Summary | WNS=-61.233 | TNS=-3969.947 |
INFO: [Physopt 32-663] Processed net shift_counter_reg[27].  Re-placed instance shift_counter_reg[27]
INFO: [Physopt 32-735] Processed net shift_counter_reg[27]. Optimization improves timing on the net.
INFO: [Physopt 32-619] Estimated Timing Summary | WNS=-61.180 | TNS=-3969.768 |
INFO: [Physopt 32-663] Processed net shift_counter_reg[44].  Re-placed instance shift_counter_reg[44]
INFO: [Physopt 32-735] Processed net shift_counter_reg[44]. Optimization improves timing on the net.
INFO: [Physopt 32-619] Estimated Timing Summary | WNS=-61.180 | TNS=-3969.642 |
INFO: [Physopt 32-663] Processed net shift_counter_reg[45].  Re-placed instance shift_counter_reg[45]
INFO: [Physopt 32-735] Processed net shift_counter_reg[45]. Optimization improves timing on the net.
INFO: [Physopt 32-619] Estimated Timing Summary | WNS=-61.180 | TNS=-3969.516 |
INFO: [Physopt 32-663] Processed net shift_counter_reg[46].  Re-placed instance shift_counter_reg[46]
INFO: [Physopt 32-735] Processed net shift_counter_reg[46]. Optimization improves timing on the net.
INFO: [Physopt 32-619] Estimated Timing Summary | WNS=-61.180 | TNS=-3969.390 |
INFO: [Physopt 32-702] Processed net shift_counter_reg[47]. Optimizations did not improve timing on the net.
INFO: [Physopt 32-81] Processed net bpm_reg_reg_n_0_[11]. Replicated 1 times.
INFO: [Physopt 32-735] Processed net bpm_reg_reg_n_0_[11]. Optimization improves timing on the net.
INFO: [Physopt 32-619] Estimated Timing Summary | WNS=-61.150 | TNS=-3967.440 |
INFO: [Physopt 32-702] Processed net bpm_reg_reg_n_0_[11]_repN. Optimizations did not improve timing on the net.
INFO: [Physopt 32-702] Processed net shift_counter_reg[0]_i_3_n_0. Optimizations did not improve timing on the net.
INFO: [Physopt 32-702] Processed net shift_counter_reg[0]_i_5_n_0. Optimizations did not improve timing on the net.
INFO: [Physopt 32-702] Processed net shift_counter_reg[0]_i_14_n_0. Optimizations did not improve timing on the net.
INFO: [Physopt 32-702] Processed net shift_counter_reg[0]_i_24_n_0. Optimizations did not improve timing on the net.
INFO: [Physopt 32-702] Processed net shift_counter[0]_i_41_n_0. Optimizations did not improve timing on the net.
INFO: [Physopt 32-702] Processed net shift_counter_reg[0]_i_23_n_3. Optimizations did not improve timing on the net.
INFO: [Physopt 32-702] Processed net shift_counter_reg[0]_i_33_n_0. Optimizations did not improve timing on the net.
INFO: [Physopt 32-702] Processed net shift_counter_reg[0]_i_43_n_0. Optimizations did not improve timing on the net.
INFO: [Physopt 32-702] Processed net shift_counter_reg[0]_i_61_n_0. Optimizations did not improve timing on the net.
INFO: [Physopt 32-702] Processed net shift_counter_reg[0]_i_98_n_0. Optimizations did not improve timing on the net.
INFO: [Physopt 32-702] Processed net shift_counter_reg[0]_i_167_n_0. Optimizations did not improve timing on the net.
INFO: [Physopt 32-702] Processed net shift_counter_reg[0]_i_262_n_0. Optimizations did not improve timing on the net.
INFO: [Physopt 32-702] Processed net shift_counter_reg[0]_i_263_n_0. Optimizations did not improve timing on the net.
INFO: [Physopt 32-702] Processed net shift_counter_reg[0]_i_357_n_0. Optimizations did not improve timing on the net.
INFO: [Physopt 32-702] Processed net shift_interval[0]. Optimizations did not improve timing on the net.
INFO: [Physopt 32-702] Processed net shift_counter_reg[0]_i_460_n_0. Optimizations did not improve timing on the net.
INFO: [Physopt 32-702] Processed net shift_counter_reg[0]_i_577_n_0. Optimizations did not improve timing on the net.
INFO: [Physopt 32-702] Processed net shift_counter_reg[0]_i_677_n_0. Optimizations did not improve timing on the net.
INFO: [Physopt 32-663] Processed net shift_counter[0]_i_757_n_0.  Re-placed instance shift_counter[0]_i_757
INFO: [Physopt 32-735] Processed net shift_counter[0]_i_757_n_0. Optimization improves timing on the net.
INFO: [Physopt 32-619] Estimated Timing Summary | WNS=-60.979 | TNS=-3956.325 |
INFO: [Physopt 32-702] Processed net shift_counter[0]_i_757_n_0. Optimizations did not improve timing on the net.
INFO: [Physopt 32-702] Processed net shift_interval[1]. Optimizations did not improve timing on the net.
INFO: [Physopt 32-702] Processed net shift_counter_reg[0]_i_572_n_0. Optimizations did not improve timing on the net.
INFO: [Physopt 32-702] Processed net shift_counter_reg[0]_i_672_n_0. Optimizations did not improve timing on the net.
INFO: [Physopt 32-702] Processed net shift_counter_reg[0]_i_752_n_0. Optimizations did not improve timing on the net.
INFO: [Physopt 32-663] Processed net shift_counter[0]_i_802_n_0.  Re-placed instance shift_counter[0]_i_802
INFO: [Physopt 32-735] Processed net shift_counter[0]_i_802_n_0. Optimization improves timing on the net.
INFO: [Physopt 32-619] Estimated Timing Summary | WNS=-60.715 | TNS=-3939.165 |
INFO: [Physopt 32-702] Processed net shift_counter[0]_i_802_n_0. Optimizations did not improve timing on the net.
INFO: [Physopt 32-702] Processed net shift_interval[2]. Optimizations did not improve timing on the net.
INFO: [Physopt 32-702] Processed net shift_counter_reg[0]_i_567_n_0. Optimizations did not improve timing on the net.
INFO: [Physopt 32-702] Processed net shift_counter_reg[0]_i_667_n_0. Optimizations did not improve timing on the net.
INFO: [Physopt 32-702] Processed net shift_counter_reg[0]_i_747_n_0. Optimizations did not improve timing on the net.
INFO: [Physopt 32-702] Processed net shift_counter[0]_i_798_n_0. Optimizations did not improve timing on the net.
INFO: [Physopt 32-702] Processed net shift_interval[3]. Optimizations did not improve timing on the net.
INFO: [Physopt 32-702] Processed net shift_counter_reg[0]_i_562_n_0. Optimizations did not improve timing on the net.
INFO: [Physopt 32-702] Processed net shift_counter_reg[0]_i_662_n_0. Optimizations did not improve timing on the net.
INFO: [Physopt 32-702] Processed net shift_counter_reg[0]_i_742_n_0. Optimizations did not improve timing on the net.
INFO: [Physopt 32-663] Processed net shift_counter[0]_i_794_n_0.  Re-placed instance shift_counter[0]_i_794
INFO: [Physopt 32-735] Processed net shift_counter[0]_i_794_n_0. Optimization improves timing on the net.
INFO: [Physopt 32-619] Estimated Timing Summary | WNS=-60.562 | TNS=-3929.220 |
INFO: [Physopt 32-702] Processed net shift_counter[0]_i_794_n_0. Optimizations did not improve timing on the net.
INFO: [Physopt 32-702] Processed net shift_interval[4]. Optimizations did not improve timing on the net.
INFO: [Physopt 32-702] Processed net shift_counter_reg[0]_i_557_n_0. Optimizations did not improve timing on the net.
INFO: [Physopt 32-702] Processed net shift_counter_reg[0]_i_657_n_0. Optimizations did not improve timing on the net.
INFO: [Physopt 32-702] Processed net shift_counter_reg[0]_i_737_n_0. Optimizations did not improve timing on the net.
INFO: [Physopt 32-702] Processed net shift_counter[0]_i_790_n_0. Optimizations did not improve timing on the net.
INFO: [Physopt 32-702] Processed net shift_interval[5]. Optimizations did not improve timing on the net.
INFO: [Physopt 32-702] Processed net shift_counter_reg[0]_i_499_n_0. Optimizations did not improve timing on the net.
INFO: [Physopt 32-702] Processed net shift_counter_reg[0]_i_617_n_0. Optimizations did not improve timing on the net.
INFO: [Physopt 32-702] Processed net shift_counter_reg[0]_i_717_n_0. Optimizations did not improve timing on the net.
INFO: [Physopt 32-663] Processed net shift_counter[0]_i_786_n_0.  Re-placed instance shift_counter[0]_i_786
INFO: [Physopt 32-735] Processed net shift_counter[0]_i_786_n_0. Optimization improves timing on the net.
INFO: [Physopt 32-619] Estimated Timing Summary | WNS=-60.311 | TNS=-3912.905 |
INFO: [Physopt 32-702] Processed net shift_counter[0]_i_786_n_0. Optimizations did not improve timing on the net.
INFO: [Physopt 32-702] Processed net shift_interval[6]. Optimizations did not improve timing on the net.
INFO: [Physopt 32-702] Processed net shift_counter_reg[0]_i_494_n_0. Optimizations did not improve timing on the net.
INFO: [Physopt 32-702] Processed net shift_counter_reg[0]_i_612_n_0. Optimizations did not improve timing on the net.
INFO: [Physopt 32-702] Processed net shift_counter_reg[0]_i_712_n_0. Optimizations did not improve timing on the net.
INFO: [Physopt 32-702] Processed net shift_counter[0]_i_782_n_0. Optimizations did not improve timing on the net.
INFO: [Physopt 32-702] Processed net shift_interval[7]. Optimizations did not improve timing on the net.
INFO: [Physopt 32-702] Processed net shift_counter_reg[0]_i_489_n_0. Optimizations did not improve timing on the net.
INFO: [Physopt 32-702] Processed net shift_counter_reg[0]_i_607_n_0. Optimizations did not improve timing on the net.
INFO: [Physopt 32-702] Processed net shift_counter_reg[0]_i_707_n_0. Optimizations did not improve timing on the net.
INFO: [Physopt 32-663] Processed net shift_counter[0]_i_778_n_0.  Re-placed instance shift_counter[0]_i_778
INFO: [Physopt 32-735] Processed net shift_counter[0]_i_778_n_0. Optimization improves timing on the net.
INFO: [Physopt 32-619] Estimated Timing Summary | WNS=-60.024 | TNS=-3894.251 |
INFO: [Physopt 32-702] Processed net shift_counter[0]_i_778_n_0. Optimizations did not improve timing on the net.
INFO: [Physopt 32-702] Processed net shift_interval[8]. Optimizations did not improve timing on the net.
INFO: [Physopt 32-702] Processed net shift_counter_reg[0]_i_484_n_0. Optimizations did not improve timing on the net.
INFO: [Physopt 32-702] Processed net shift_counter_reg[0]_i_602_n_0. Optimizations did not improve timing on the net.
INFO: [Physopt 32-702] Processed net shift_counter_reg[0]_i_702_n_0. Optimizations did not improve timing on the net.
INFO: [Physopt 32-702] Processed net shift_counter[0]_i_777_n_0. Optimizations did not improve timing on the net.
INFO: [Physopt 32-702] Processed net shift_interval[9]. Optimizations did not improve timing on the net.
INFO: [Physopt 32-702] Processed net shift_counter_reg[0]_i_479_n_0. Optimizations did not improve timing on the net.
INFO: [Physopt 32-608] Optimized 1 net.  Swapped 26 pins.
INFO: [Physopt 32-735] Processed net shift_counter[0]_i_600_n_0. Optimization improves timing on the net.
INFO: [Physopt 32-619] Estimated Timing Summary | WNS=-60.024 | TNS=-3894.251 |
INFO: [Physopt 32-702] Processed net shift_counter_reg[0]_i_597_n_0. Optimizations did not improve timing on the net.
INFO: [Physopt 32-608] Optimized 1 net.  Swapped 26 pins.
INFO: [Physopt 32-735] Processed net shift_counter[0]_i_700_n_0. Optimization improves timing on the net.
INFO: [Physopt 32-619] Estimated Timing Summary | WNS=-59.986 | TNS=-3891.781 |
INFO: [Physopt 32-608] Optimized 1 net.  Swapped 17 pins.
INFO: [Physopt 32-735] Processed net shift_counter[0]_i_483_n_0. Optimization improves timing on the net.
INFO: [Physopt 32-619] Estimated Timing Summary | WNS=-59.986 | TNS=-3891.781 |
INFO: [Physopt 32-608] Optimized 1 net.  Swapped 26 pins.
INFO: [Physopt 32-735] Processed net shift_counter[0]_i_601_n_0. Optimization improves timing on the net.
INFO: [Physopt 32-619] Estimated Timing Summary | WNS=-59.940 | TNS=-3888.792 |
INFO: [Physopt 32-702] Processed net shift_counter[0]_i_483_n_0. Optimizations did not improve timing on the net.
INFO: [Physopt 32-702] Processed net shift_counter_reg[0]_i_474_n_4. Optimizations did not improve timing on the net.
INFO: [Physopt 32-702] Processed net shift_counter_reg[0]_i_592_n_0. Optimizations did not improve timing on the net.
INFO: [Physopt 32-702] Processed net shift_counter_reg[0]_i_692_n_0. Optimizations did not improve timing on the net.
INFO: [Physopt 32-702] Processed net shift_counter[0]_i_771_n_0. Optimizations did not improve timing on the net.
INFO: [Physopt 32-702] Processed net shift_interval[11]. Optimizations did not improve timing on the net.
INFO: [Physopt 32-702] Processed net shift_counter_reg[0]_i_469_n_0. Optimizations did not improve timing on the net.
INFO: [Physopt 32-608] Optimized 1 net.  Swapped 26 pins.
INFO: [Physopt 32-735] Processed net shift_counter[0]_i_590_n_0. Optimization improves timing on the net.
INFO: [Physopt 32-619] Estimated Timing Summary | WNS=-59.937 | TNS=-3888.596 |
INFO: [Physopt 32-702] Processed net shift_counter_reg[0]_i_587_n_0. Optimizations did not improve timing on the net.
INFO: [Physopt 32-608] Optimized 1 net.  Swapped 26 pins.
INFO: [Physopt 32-735] Processed net shift_counter[0]_i_690_n_0. Optimization improves timing on the net.
INFO: [Physopt 32-619] Estimated Timing Summary | WNS=-59.914 | TNS=-3887.101 |
INFO: [Physopt 32-702] Processed net shift_counter[0]_i_473_n_0. Optimizations did not improve timing on the net.
INFO: [Physopt 32-702] Processed net shift_counter_reg[0]_i_464_n_4. Optimizations did not improve timing on the net.
INFO: [Physopt 32-702] Processed net shift_counter_reg[0]_i_582_n_0. Optimizations did not improve timing on the net.
INFO: [Physopt 32-702] Processed net shift_counter_reg[0]_i_682_n_0. Optimizations did not improve timing on the net.
INFO: [Physopt 32-663] Processed net shift_counter[0]_i_762_n_0.  Re-placed instance shift_counter[0]_i_762
INFO: [Physopt 32-735] Processed net shift_counter[0]_i_762_n_0. Optimization improves timing on the net.
INFO: [Physopt 32-619] Estimated Timing Summary | WNS=-59.765 | TNS=-3877.416 |
INFO: [Physopt 32-702] Processed net shift_counter[0]_i_762_n_0. Optimizations did not improve timing on the net.
INFO: [Physopt 32-702] Processed net shift_interval[13]. Optimizations did not improve timing on the net.
INFO: [Physopt 32-702] Processed net shift_counter_reg[0]_i_390_n_0. Optimizations did not improve timing on the net.
INFO: [Physopt 32-608] Optimized 1 net.  Swapped 26 pins.
INFO: [Physopt 32-735] Processed net shift_counter[0]_i_522_n_0. Optimization improves timing on the net.
INFO: [Physopt 32-619] Estimated Timing Summary | WNS=-59.765 | TNS=-3877.416 |
INFO: [Physopt 32-702] Processed net shift_counter_reg[0]_i_519_n_0. Optimizations did not improve timing on the net.
INFO: [Physopt 32-608] Optimized 1 net.  Swapped 26 pins.
INFO: [Physopt 32-735] Processed net shift_counter[0]_i_640_n_0. Optimization improves timing on the net.
INFO: [Physopt 32-619] Estimated Timing Summary | WNS=-59.731 | TNS=-3875.206 |
INFO: [Physopt 32-702] Processed net shift_counter_reg[0]_i_637_n_0. Optimizations did not improve timing on the net.
INFO: [Physopt 32-702] Processed net shift_interval[14]. Optimizations did not improve timing on the net.
INFO: [Physopt 32-702] Processed net shift_counter_reg[0]_i_385_n_0. Optimizations did not improve timing on the net.
INFO: [Physopt 32-702] Processed net shift_counter_reg[0]_i_514_n_0. Optimizations did not improve timing on the net.
INFO: [Physopt 32-702] Processed net shift_counter_reg[0]_i_632_n_0. Optimizations did not improve timing on the net.
INFO: [Physopt 32-663] Processed net shift_counter[0]_i_730_n_0.  Re-placed instance shift_counter[0]_i_730
INFO: [Physopt 32-735] Processed net shift_counter[0]_i_730_n_0. Optimization improves timing on the net.
INFO: [Physopt 32-619] Estimated Timing Summary | WNS=-59.600 | TNS=-3866.691 |
INFO: [Physopt 32-702] Processed net shift_counter[0]_i_730_n_0. Optimizations did not improve timing on the net.
INFO: [Physopt 32-702] Processed net shift_interval[15]. Optimizations did not improve timing on the net.
INFO: [Physopt 32-702] Processed net shift_counter_reg[0]_i_380_n_0. Optimizations did not improve timing on the net.
INFO: [Physopt 32-702] Processed net shift_counter_reg[0]_i_509_n_0. Optimizations did not improve timing on the net.
INFO: [Physopt 32-702] Processed net shift_counter_reg[0]_i_627_n_0. Optimizations did not improve timing on the net.
INFO: [Physopt 32-663] Processed net shift_counter[0]_i_726_n_0.  Re-placed instance shift_counter[0]_i_726
INFO: [Physopt 32-735] Processed net shift_counter[0]_i_726_n_0. Optimization improves timing on the net.
INFO: [Physopt 32-619] Estimated Timing Summary | WNS=-59.408 | TNS=-3854.212 |
INFO: [Physopt 32-702] Processed net shift_counter[0]_i_726_n_0. Optimizations did not improve timing on the net.
INFO: [Physopt 32-702] Processed net shift_interval[16]. Optimizations did not improve timing on the net.
INFO: [Physopt 32-702] Processed net shift_counter_reg[0]_i_375_n_0. Optimizations did not improve timing on the net.
INFO: [Physopt 32-702] Processed net shift_counter_reg[0]_i_504_n_0. Optimizations did not improve timing on the net.
INFO: [Physopt 32-702] Processed net shift_counter_reg[0]_i_622_n_0. Optimizations did not improve timing on the net.
INFO: [Physopt 32-663] Processed net shift_counter[0]_i_722_n_0.  Re-placed instance shift_counter[0]_i_722
INFO: [Physopt 32-735] Processed net shift_counter[0]_i_722_n_0. Optimization improves timing on the net.
INFO: [Physopt 32-619] Estimated Timing Summary | WNS=-59.398 | TNS=-3853.562 |
INFO: [Physopt 32-702] Processed net shift_counter[0]_i_722_n_0. Optimizations did not improve timing on the net.
INFO: [Physopt 32-702] Processed net shift_interval[17]. Optimizations did not improve timing on the net.
INFO: [Physopt 32-702] Processed net shift_counter_reg[0]_i_287_n_0. Optimizations did not improve timing on the net.
INFO: [Physopt 32-702] Processed net shift_counter_reg[0]_i_410_n_0. Optimizations did not improve timing on the net.
INFO: [Physopt 32-702] Processed net shift_counter_reg[0]_i_539_n_0. Optimizations did not improve timing on the net.
INFO: [Physopt 32-663] Processed net shift_counter[0]_i_653_n_0.  Re-placed instance shift_counter[0]_i_653
INFO: [Physopt 32-735] Processed net shift_counter[0]_i_653_n_0. Optimization improves timing on the net.
INFO: [Physopt 32-619] Estimated Timing Summary | WNS=-59.391 | TNS=-3853.106 |
INFO: [Physopt 32-702] Processed net shift_counter[0]_i_653_n_0. Optimizations did not improve timing on the net.
INFO: [Physopt 32-702] Processed net shift_interval[18]. Optimizations did not improve timing on the net.
INFO: [Physopt 32-702] Processed net shift_counter_reg[0]_i_282_n_0. Optimizations did not improve timing on the net.
INFO: [Physopt 32-702] Processed net shift_counter_reg[0]_i_405_n_0. Optimizations did not improve timing on the net.
INFO: [Physopt 32-702] Processed net shift_counter_reg[0]_i_534_n_0. Optimizations did not improve timing on the net.
INFO: [Physopt 32-663] Processed net shift_counter[0]_i_649_n_0.  Re-placed instance shift_counter[0]_i_649
INFO: [Physopt 32-735] Processed net shift_counter[0]_i_649_n_0. Optimization improves timing on the net.
INFO: [Physopt 32-619] Estimated Timing Summary | WNS=-59.200 | TNS=-3840.691 |
INFO: [Physopt 32-702] Processed net shift_counter[0]_i_649_n_0. Optimizations did not improve timing on the net.
INFO: [Physopt 32-702] Processed net shift_interval[19]. Optimizations did not improve timing on the net.
INFO: [Physopt 32-702] Processed net shift_counter_reg[0]_i_277_n_0. Optimizations did not improve timing on the net.
INFO: [Physopt 32-702] Processed net shift_counter_reg[0]_i_400_n_0. Optimizations did not improve timing on the net.
INFO: [Physopt 32-702] Processed net shift_counter_reg[0]_i_529_n_0. Optimizations did not improve timing on the net.
INFO: [Physopt 32-702] Processed net shift_counter[0]_i_648_n_0. Optimizations did not improve timing on the net.
INFO: [Physopt 32-702] Processed net shift_interval[20]. Optimizations did not improve timing on the net.
INFO: [Physopt 32-702] Processed net shift_counter_reg[0]_i_272_n_0. Optimizations did not improve timing on the net.
INFO: [Physopt 32-702] Processed net shift_counter_reg[0]_i_395_n_0. Optimizations did not improve timing on the net.
INFO: [Physopt 32-702] Processed net shift_counter_reg[0]_i_524_n_0. Optimizations did not improve timing on the net.
INFO: [Physopt 32-663] Processed net shift_counter[0]_i_642_n_0.  Re-placed instance shift_counter[0]_i_642
INFO: [Physopt 32-735] Processed net shift_counter[0]_i_642_n_0. Optimization improves timing on the net.
INFO: [Physopt 32-619] Estimated Timing Summary | WNS=-58.799 | TNS=-3814.627 |
INFO: [Physopt 32-702] Processed net shift_counter[0]_i_642_n_0. Optimizations did not improve timing on the net.
INFO: [Physopt 32-702] Processed net shift_interval[21]. Optimizations did not improve timing on the net.
INFO: [Physopt 32-702] Processed net shift_counter_reg[0]_i_191_n_0. Optimizations did not improve timing on the net.
INFO: [Physopt 32-702] Processed net shift_counter_reg[0]_i_307_n_0. Optimizations did not improve timing on the net.
INFO: [Physopt 32-702] Processed net shift_counter_reg[0]_i_430_n_0. Optimizations did not improve timing on the net.
INFO: [Physopt 32-702] Processed net shift_interval[22]. Optimizations did not improve timing on the net.
INFO: [Physopt 32-702] Processed net shift_counter_reg[0]_i_186_n_0. Optimizations did not improve timing on the net.
INFO: [Physopt 32-702] Processed net shift_counter_reg[0]_i_302_n_0. Optimizations did not improve timing on the net.
INFO: [Physopt 32-702] Processed net shift_counter_reg[0]_i_425_n_0. Optimizations did not improve timing on the net.
INFO: [Physopt 32-702] Processed net shift_counter[0]_i_553_n_0. Optimizations did not improve timing on the net.
INFO: [Physopt 32-702] Processed net shift_interval[23]. Optimizations did not improve timing on the net.
INFO: [Physopt 32-702] Processed net shift_counter_reg[0]_i_181_n_0. Optimizations did not improve timing on the net.
INFO: [Physopt 32-702] Processed net shift_counter_reg[0]_i_297_n_0. Optimizations did not improve timing on the net.
INFO: [Physopt 32-702] Processed net shift_counter_reg[0]_i_420_n_0. Optimizations did not improve timing on the net.
INFO: [Physopt 32-702] Processed net shift_counter[0]_i_547_n_0. Optimizations did not improve timing on the net.
INFO: [Physopt 32-702] Processed net shift_interval[24]. Optimizations did not improve timing on the net.
INFO: [Physopt 32-608] Optimized 1 net.  Swapped 19 pins.
INFO: [Physopt 32-735] Processed net shift_counter[0]_i_180_n_0. Optimization improves timing on the net.
INFO: [Physopt 32-619] Estimated Timing Summary | WNS=-58.799 | TNS=-3814.627 |
INFO: [Physopt 32-702] Processed net shift_counter_reg[0]_i_176_n_0. Optimizations did not improve timing on the net.
INFO: [Physopt 32-608] Optimized 1 net.  Swapped 26 pins.
INFO: [Physopt 32-735] Processed net shift_counter[0]_i_296_n_0. Optimization improves timing on the net.
INFO: [Physopt 32-619] Estimated Timing Summary | WNS=-58.771 | TNS=-3812.806 |
INFO: [Physopt 32-702] Processed net shift_counter_reg[0]_i_292_n_0. Optimizations did not improve timing on the net.
INFO: [Physopt 32-608] Optimized 1 net.  Swapped 26 pins.
INFO: [Physopt 32-735] Processed net shift_counter[0]_i_418_n_0. Optimization improves timing on the net.
INFO: [Physopt 32-619] Estimated Timing Summary | WNS=-58.762 | TNS=-3812.221 |
INFO: [Physopt 32-608] Optimized 1 net.  Swapped 26 pins.
INFO: [Physopt 32-735] Processed net shift_counter[0]_i_295_n_0. Optimization improves timing on the net.
INFO: [Physopt 32-619] Estimated Timing Summary | WNS=-58.700 | TNS=-3808.192 |
INFO: [Physopt 32-702] Processed net shift_counter[0]_i_419_n_0. Optimizations did not improve timing on the net.
INFO: [Physopt 32-702] Processed net shift_counter_reg[0]_i_327_n_4. Optimizations did not improve timing on the net.
INFO: [Physopt 32-663] Processed net shift_counter[0]_i_445_n_0.  Re-placed instance shift_counter[0]_i_445
INFO: [Physopt 32-735] Processed net shift_counter[0]_i_445_n_0. Optimization improves timing on the net.
INFO: [Physopt 32-619] Estimated Timing Summary | WNS=-58.555 | TNS=-3798.767 |
INFO: [Physopt 32-702] Processed net shift_counter[0]_i_445_n_0. Optimizations did not improve timing on the net.
INFO: [Physopt 32-702] Processed net shift_interval[26]. Optimizations did not improve timing on the net.
INFO: [Physopt 32-702] Processed net shift_counter_reg[0]_i_117_n_0. Optimizations did not improve timing on the net.
INFO: [Physopt 32-702] Processed net shift_counter_reg[0]_i_206_n_0. Optimizations did not improve timing on the net.
INFO: [Physopt 32-702] Processed net shift_counter_reg[0]_i_322_n_0. Optimizations did not improve timing on the net.
INFO: [Physopt 32-702] Processed net shift_counter[0]_i_441_n_0. Optimizations did not improve timing on the net.
INFO: [Physopt 32-702] Processed net shift_interval[27]. Optimizations did not improve timing on the net.
INFO: [Physopt 32-702] Processed net shift_counter_reg[0]_i_112_n_0. Optimizations did not improve timing on the net.
INFO: [Physopt 32-702] Processed net shift_counter_reg[0]_i_201_n_0. Optimizations did not improve timing on the net.
INFO: [Physopt 32-702] Processed net shift_counter_reg[0]_i_317_n_0. Optimizations did not improve timing on the net.
INFO: [Physopt 32-702] Processed net shift_counter[0]_i_440_n_0. Optimizations did not improve timing on the net.
INFO: [Physopt 32-702] Processed net shift_interval[28]. Optimizations did not improve timing on the net.
INFO: [Physopt 32-702] Processed net shift_counter_reg[0]_i_107_n_0. Optimizations did not improve timing on the net.
INFO: [Physopt 32-608] Optimized 1 net.  Swapped 26 pins.
INFO: [Physopt 32-735] Processed net shift_counter[0]_i_200_n_0. Optimization improves timing on the net.
INFO: [Physopt 32-619] Estimated Timing Summary | WNS=-58.552 | TNS=-3798.571 |
INFO: [Physopt 32-608] Optimized 1 net.  Swapped 17 pins.
INFO: [Physopt 32-735] Processed net shift_counter[0]_i_111_n_0. Optimization improves timing on the net.
INFO: [Physopt 32-619] Estimated Timing Summary | WNS=-58.514 | TNS=-3796.101 |
INFO: [Physopt 32-702] Processed net shift_counter_reg[0]_i_196_n_0. Optimizations did not improve timing on the net.
INFO: [Physopt 32-608] Optimized 1 net.  Swapped 26 pins.
INFO: [Physopt 32-735] Processed net shift_counter[0]_i_315_n_0. Optimization improves timing on the net.
INFO: [Physopt 32-619] Estimated Timing Summary | WNS=-58.511 | TNS=-3795.906 |
INFO: [Physopt 32-608] Optimized 1 net.  Swapped 26 pins.
INFO: [Physopt 32-735] Processed net shift_counter[0]_i_199_n_0. Optimization improves timing on the net.
INFO: [Physopt 32-619] Estimated Timing Summary | WNS=-58.492 | TNS=-3794.671 |
INFO: [Physopt 32-702] Processed net shift_counter[0]_i_200_n_0. Optimizations did not improve timing on the net.
INFO: [Physopt 32-702] Processed net shift_counter_reg[0]_i_153_n_4. Optimizations did not improve timing on the net.
INFO: [Physopt 32-702] Processed net shift_counter_reg[0]_i_249_n_0. Optimizations did not improve timing on the net.
INFO: [Physopt 32-702] Processed net shift_counter[0]_i_353_n_0. Optimizations did not improve timing on the net.
INFO: [Physopt 32-702] Processed net shift_interval[30]. Optimizations did not improve timing on the net.
INFO: [Physopt 32-702] Processed net shift_counter_reg[0]_i_79_n_0. Optimizations did not improve timing on the net.
INFO: [Physopt 32-702] Processed net shift_counter_reg[0]_i_148_n_0. Optimizations did not improve timing on the net.
INFO: [Physopt 32-608] Optimized 1 net.  Swapped 26 pins.
INFO: [Physopt 32-735] Processed net shift_counter[0]_i_247_n_0. Optimization improves timing on the net.
INFO: [Physopt 32-619] Estimated Timing Summary | WNS=-58.489 | TNS=-3794.476 |
INFO: [Physopt 32-608] Optimized 1 net.  Swapped 26 pins.
INFO: [Physopt 32-735] Processed net shift_counter[0]_i_151_n_0. Optimization improves timing on the net.
INFO: [Physopt 32-619] Estimated Timing Summary | WNS=-58.481 | TNS=-3793.956 |
INFO: [Physopt 32-702] Processed net shift_counter[0]_i_247_n_0. Optimizations did not improve timing on the net.
INFO: [Physopt 32-702] Processed net shift_interval[31]. Optimizations did not improve timing on the net.
INFO: [Physopt 32-702] Processed net shift_counter_reg[0]_i_75_n_0. Optimizations did not improve timing on the net.
INFO: [Physopt 32-702] Processed net shift_counter_reg[0]_i_142_n_0. Optimizations did not improve timing on the net.
INFO: [Physopt 32-702] Processed net shift_counter_reg[0]_i_236_n_0. Optimizations did not improve timing on the net.
INFO: [Physopt 32-702] Processed net shift_counter[0]_i_346_n_0. Optimizations did not improve timing on the net.
INFO: [Physopt 32-702] Processed net shift_interval[32]. Optimizations did not improve timing on the net.
INFO: [Physopt 32-702] Processed net shift_counter_reg[0]_i_70_n_0. Optimizations did not improve timing on the net.
INFO: [Physopt 32-702] Processed net shift_counter_reg[0]_i_127_n_0. Optimizations did not improve timing on the net.
INFO: [Physopt 32-608] Optimized 1 net.  Swapped 24 pins.
INFO: [Physopt 32-735] Processed net shift_counter[0]_i_220_n_0. Optimization improves timing on the net.
INFO: [Physopt 32-619] Estimated Timing Summary | WNS=-58.442 | TNS=-3791.421 |
INFO: [Physopt 32-608] Optimized 1 net.  Swapped 24 pins.
INFO: [Physopt 32-735] Processed net shift_counter[0]_i_219_n_0. Optimization improves timing on the net.
INFO: [Physopt 32-619] Estimated Timing Summary | WNS=-58.358 | TNS=-3785.961 |
INFO: [Physopt 32-608] Optimized 1 net.  Swapped 24 pins.
INFO: [Physopt 32-735] Processed net shift_counter[0]_i_131_n_0. Optimization improves timing on the net.
INFO: [Physopt 32-619] Estimated Timing Summary | WNS=-58.356 | TNS=-3785.831 |
INFO: [Physopt 32-702] Processed net shift_counter[0]_i_220_n_0. Optimizations did not improve timing on the net.
INFO: [Physopt 32-608] Optimized 1 net.  Swapped 23 pins.
INFO: [Physopt 32-735] Processed net shift_counter[0]_i_139_n_0. Optimization improves timing on the net.
INFO: [Physopt 32-619] Estimated Timing Summary | WNS=-58.316 | TNS=-3783.231 |
INFO: [Physopt 32-608] Optimized 1 net.  Swapped 23 pins.
INFO: [Physopt 32-735] Processed net shift_counter[0]_i_139_n_0. Optimization improves timing on the net.
INFO: [Physopt 32-619] Estimated Timing Summary | WNS=-58.287 | TNS=-3781.346 |
INFO: [Physopt 32-702] Processed net shift_counter[0]_i_139_n_0. Optimizations did not improve timing on the net.
INFO: [Physopt 32-663] Processed net shift_counter[0]_i_233_n_0.  Re-placed instance shift_counter[0]_i_233
INFO: [Physopt 32-735] Processed net shift_counter[0]_i_233_n_0. Optimization improves timing on the net.
INFO: [Physopt 32-619] Estimated Timing Summary | WNS=-58.263 | TNS=-3779.786 |
INFO: [Physopt 32-702] Processed net shift_counter[0]_i_233_n_0. Optimizations did not improve timing on the net.
INFO: [Physopt 32-710] Processed net shift_counter[0]_i_233_n_0. Critical path length was reduced through logic transformation on cell shift_counter[0]_i_233_comp.
INFO: [Physopt 32-735] Processed net shift_counter[0]_i_230_n_0. Optimization improves timing on the net.
INFO: [Physopt 32-619] Estimated Timing Summary | WNS=-58.263 | TNS=-3779.786 |
INFO: [Physopt 32-710] Processed net shift_counter[0]_i_220_n_0. Critical path length was reduced through logic transformation on cell shift_counter[0]_i_220_comp.
INFO: [Physopt 32-735] Processed net shift_counter[0]_i_140_n_0. Optimization improves timing on the net.
INFO: [Physopt 32-619] Estimated Timing Summary | WNS=-58.257 | TNS=-3779.397 |
INFO: [Physopt 32-702] Processed net shift_counter_reg[0]_i_216_n_0. Optimizations did not improve timing on the net.
INFO: [Physopt 32-608] Optimized 1 net.  Swapped 18 pins.
INFO: [Physopt 32-735] Processed net shift_counter[0]_i_334_n_0. Optimization improves timing on the net.
INFO: [Physopt 32-619] Estimated Timing Summary | WNS=-58.227 | TNS=-3777.447 |
INFO: [Physopt 32-702] Processed net shift_counter[0]_i_219_n_0. Optimizations did not improve timing on the net.
INFO: [Physopt 32-710] Processed net shift_counter[0]_i_219_n_0. Critical path length was reduced through logic transformation on cell shift_counter[0]_i_219_comp.
INFO: [Physopt 32-735] Processed net shift_counter[0]_i_140_n_0. Optimization improves timing on the net.
INFO: [Physopt 32-619] Estimated Timing Summary | WNS=-58.207 | TNS=-3776.147 |
INFO: [Physopt 32-702] Processed net shift_counter[0]_i_232_n_0. Optimizations did not improve timing on the net.
INFO: [Physopt 32-702] Processed net shift_counter[0]_i_230_n_0. Optimizations did not improve timing on the net.
INFO: [Physopt 32-702] Processed net shift_counter[0]_i_231_n_0. Optimizations did not improve timing on the net.
INFO: [Physopt 32-702] Processed net shift_counter[0]_i_234_n_0. Optimizations did not improve timing on the net.
INFO: [Physopt 32-702] Processed net shift_counter[0]_i_235_n_0. Optimizations did not improve timing on the net.
INFO: [Physopt 32-702] Processed net shift_counter[0]_i_228_n_0. Optimizations did not improve timing on the net.
INFO: [Physopt 32-702] Processed net shift_counter[0]_i_227_n_0. Optimizations did not improve timing on the net.
INFO: [Physopt 32-702] Processed net shift_counter[0]_i_338_n_0. Optimizations did not improve timing on the net.
INFO: [Physopt 32-81] Processed net shift_counter[0]_i_1_n_0. Replicated 1 times.
INFO: [Physopt 32-735] Processed net shift_counter[0]_i_1_n_0. Optimization improves timing on the net.
INFO: [Physopt 32-619] Estimated Timing Summary | WNS=-58.135 | TNS=-3771.561 |
INFO: [Physopt 32-663] Processed net shift_counter_reg[28].  Re-placed instance shift_counter_reg[28]
INFO: [Physopt 32-735] Processed net shift_counter_reg[28]. Optimization improves timing on the net.
INFO: [Physopt 32-619] Estimated Timing Summary | WNS=-58.135 | TNS=-3771.369 |
INFO: [Physopt 32-663] Processed net shift_counter_reg[29].  Re-placed instance shift_counter_reg[29]
INFO: [Physopt 32-735] Processed net shift_counter_reg[29]. Optimization improves timing on the net.
INFO: [Physopt 32-619] Estimated Timing Summary | WNS=-58.135 | TNS=-3771.177 |
INFO: [Physopt 32-663] Processed net shift_counter_reg[30].  Re-placed instance shift_counter_reg[30]
INFO: [Physopt 32-735] Processed net shift_counter_reg[30]. Optimization improves timing on the net.
INFO: [Physopt 32-619] Estimated Timing Summary | WNS=-58.135 | TNS=-3770.985 |
INFO: [Physopt 32-663] Processed net shift_counter_reg[31].  Re-placed instance shift_counter_reg[31]
INFO: [Physopt 32-735] Processed net shift_counter_reg[31]. Optimization improves timing on the net.
INFO: [Physopt 32-619] Estimated Timing Summary | WNS=-58.132 | TNS=-3770.793 |
INFO: [Physopt 32-663] Processed net shift_counter_reg[32].  Re-placed instance shift_counter_reg[32]
INFO: [Physopt 32-735] Processed net shift_counter_reg[32]. Optimization improves timing on the net.
INFO: [Physopt 32-619] Estimated Timing Summary | WNS=-58.132 | TNS=-3770.509 |
INFO: [Physopt 32-663] Processed net shift_counter_reg[33].  Re-placed instance shift_counter_reg[33]
INFO: [Physopt 32-735] Processed net shift_counter_reg[33]. Optimization improves timing on the net.
INFO: [Physopt 32-619] Estimated Timing Summary | WNS=-58.132 | TNS=-3770.225 |
INFO: [Physopt 32-663] Processed net shift_counter_reg[34].  Re-placed instance shift_counter_reg[34]
INFO: [Physopt 32-735] Processed net shift_counter_reg[34]. Optimization improves timing on the net.
INFO: [Physopt 32-619] Estimated Timing Summary | WNS=-58.132 | TNS=-3769.941 |
INFO: [Physopt 32-663] Processed net shift_counter_reg[35].  Re-placed instance shift_counter_reg[35]
INFO: [Physopt 32-735] Processed net shift_counter_reg[35]. Optimization improves timing on the net.
INFO: [Physopt 32-619] Estimated Timing Summary | WNS=-58.104 | TNS=-3769.657 |
INFO: [Physopt 32-663] Processed net shift_counter_reg[48].  Re-placed instance shift_counter_reg[48]
INFO: [Physopt 32-735] Processed net shift_counter_reg[48]. Optimization improves timing on the net.
INFO: [Physopt 32-619] Estimated Timing Summary | WNS=-58.104 | TNS=-3769.416 |
INFO: [Common 17-14] Message 'Physopt 32-619' appears 100 times and further instances of the messages will be disabled. Use the Tcl command set_msg_config to change the current settings.
INFO: [Physopt 32-663] Processed net shift_counter_reg[49].  Re-placed instance shift_counter_reg[49]
INFO: [Physopt 32-735] Processed net shift_counter_reg[49]. Optimization improves timing on the net.
INFO: [Physopt 32-663] Processed net shift_counter_reg[50].  Re-placed instance shift_counter_reg[50]
INFO: [Physopt 32-735] Processed net shift_counter_reg[50]. Optimization improves timing on the net.
INFO: [Physopt 32-663] Processed net shift_counter_reg[51].  Re-placed instance shift_counter_reg[51]
INFO: [Physopt 32-735] Processed net shift_counter_reg[51]. Optimization improves timing on the net.
INFO: [Physopt 32-663] Processed net shift_counter_reg[52].  Re-placed instance shift_counter_reg[52]
INFO: [Physopt 32-735] Processed net shift_counter_reg[52]. Optimization improves timing on the net.
INFO: [Physopt 32-663] Processed net shift_counter_reg[53].  Re-placed instance shift_counter_reg[53]
INFO: [Physopt 32-735] Processed net shift_counter_reg[53]. Optimization improves timing on the net.
INFO: [Common 17-14] Message 'Physopt 32-735' appears 100 times and further instances of the messages will be disabled. Use the Tcl command set_msg_config to change the current settings.
INFO: [Physopt 32-663] Processed net shift_counter_reg[54].  Re-placed instance shift_counter_reg[54]
INFO: [Physopt 32-663] Processed net shift_counter_reg[55].  Re-placed instance shift_counter_reg[55]
INFO: [Physopt 32-702] Processed net shift_counter_reg[12]. Optimizations did not improve timing on the net.
INFO: [Physopt 32-663] Processed net shift_counter[0]_i_1_n_0.  Re-placed instance shift_counter[0]_i_1
INFO: [Physopt 32-663] Processed net shift_counter_reg[0].  Re-placed instance shift_counter_reg[0]
INFO: [Physopt 32-663] Processed net shift_counter_reg[1].  Re-placed instance shift_counter_reg[1]
INFO: [Physopt 32-663] Processed net shift_counter_reg[2].  Re-placed instance shift_counter_reg[2]
INFO: [Physopt 32-663] Processed net shift_counter_reg[3].  Re-placed instance shift_counter_reg[3]
INFO: [Physopt 32-663] Processed net shift_counter_reg[16].  Re-placed instance shift_counter_reg[16]
INFO: [Physopt 32-663] Processed net shift_counter_reg[17].  Re-placed instance shift_counter_reg[17]
INFO: [Physopt 32-663] Processed net shift_counter_reg[18].  Re-placed instance shift_counter_reg[18]
INFO: [Physopt 32-663] Processed net shift_counter_reg[19].  Re-placed instance shift_counter_reg[19]
INFO: [Physopt 32-663] Processed net shift_counter_reg[12].  Re-placed instance shift_counter_reg[12]
INFO: [Physopt 32-663] Processed net shift_counter_reg[13].  Re-placed instance shift_counter_reg[13]
INFO: [Physopt 32-663] Processed net shift_counter_reg[14].  Re-placed instance shift_counter_reg[14]
Netlist sorting complete. Time (s): cpu = 00:00:00 ; elapsed = 00:00:00.011 . Memory (MB): peak = 2102.258 ; gain = 0.000
Phase 4 Critical Path Optimization | Checksum: 1e048914a

Time (s): cpu = 00:00:06 ; elapsed = 00:00:18 . Memory (MB): peak = 2102.258 ; gain = 131.047
Netlist sorting complete. Time (s): cpu = 00:00:00 ; elapsed = 00:00:00 . Memory (MB): peak = 2102.258 ; gain = 0.000
INFO: [Physopt 32-603] Post Physical Optimization Timing Summary | WNS=-58.078 | TNS=-3764.281 |

Summary of Physical Synthesis Optimizations
============================================


-------------------------------------------------------------------------------------------------------------------------------------------------------------
|  Optimization   |  WNS Gain (ns)  |  TNS Gain (ns)  |  Added Cells  |  Removed Cells  |  Optimized Cells/Nets  |  Dont Touch  |  Iterations  |  Elapsed   |
-------------------------------------------------------------------------------------------------------------------------------------------------------------
|  DSP Register   |          0.000  |          0.000  |            0  |              0  |                     0  |           0  |           1  |  00:00:00  |
|  Critical Path  |          3.250  |        213.010  |            2  |              0  |                   114  |           0  |           2  |  00:00:18  |
|  Total          |          3.250  |        213.010  |            2  |              0  |                   114  |           0  |           3  |  00:00:18  |
-------------------------------------------------------------------------------------------------------------------------------------------------------------


Netlist sorting complete. Time (s): cpu = 00:00:00 ; elapsed = 00:00:00.001 . Memory (MB): peak = 2102.258 ; gain = 0.000
Ending Physical Synthesis Task | Checksum: 1c621f439

Time (s): cpu = 00:00:06 ; elapsed = 00:00:18 . Memory (MB): peak = 2102.258 ; gain = 131.047
INFO: [Common 17-83] Releasing license: Implementation
579 Infos, 0 Warnings, 0 Critical Warnings and 0 Errors encountered.
phys_opt_design completed successfully
phys_opt_design: Time (s): cpu = 00:00:06 ; elapsed = 00:00:19 . Memory (MB): peak = 2102.258 ; gain = 143.648
INFO: [Timing 38-480] Writing timing data to binary archive.
Write ShapeDB Complete: Time (s): cpu = 00:00:00 ; elapsed = 00:00:00.005 . Memory (MB): peak = 2111.391 ; gain = 0.000
Wrote PlaceDB: Time (s): cpu = 00:00:01 ; elapsed = 00:00:00.183 . Memory (MB): peak = 2111.391 ; gain = 0.000
Wrote PulsedLatchDB: Time (s): cpu = 00:00:00 ; elapsed = 00:00:00 . Memory (MB): peak = 2111.391 ; gain = 0.000
Writing XDEF routing.
Writing XDEF routing logical nets.
Writing XDEF routing special nets.
Wrote RouteStorage: Time (s): cpu = 00:00:00 ; elapsed = 00:00:00.018 . Memory (MB): peak = 2111.391 ; gain = 0.000
Wrote Netlist Cache: Time (s): cpu = 00:00:00 ; elapsed = 00:00:00.007 . Memory (MB): peak = 2111.391 ; gain = 0.000
Wrote Device Cache: Time (s): cpu = 00:00:00 ; elapsed = 00:00:00.006 . Memory (MB): peak = 2111.391 ; gain = 0.000
Write Physdb Complete: Time (s): cpu = 00:00:01 ; elapsed = 00:00:00.221 . Memory (MB): peak = 2111.391 ; gain = 0.000
INFO: [Common 17-1381] The checkpoint 'C:/Users/GeorgeKaladzeAmperox/fpga/project_5/project_5.runs/impl_1/top_physopt.dcp' has been generated.
Command: route_design
Attempting to get a license for feature 'Implementation' and/or device 'xc7s50'
INFO: [Common 17-349] Got license for feature 'Implementation' and/or device 'xc7s50'
INFO: [DRC 23-27] Running DRC with 2 threads
INFO: [Vivado_Tcl 4-198] DRC finished with 0 Errors
INFO: [Vivado_Tcl 4-199] Please refer to the DRC report (report_drc) for more information.
Running DRC as a precondition to command route_design
INFO: [DRC 23-27] Running DRC with 2 threads
INFO: [Vivado_Tcl 4-198] DRC finished with 0 Errors
INFO: [Vivado_Tcl 4-199] Please refer to the DRC report (report_drc) for more information.


Starting Routing Task
INFO: [Route 35-254] Multithreading enabled for route_design using a maximum of 8 CPUs

Phase 1 Build RT Design
Checksum: PlaceDB: d3b011 ConstDB: 0 ShapeSum: 253c793a RouteDB: aa913336
Post Restoration Checksum: NetGraph: d304db2d | NumContArr: a68c2bac | Constraints: c2a8fa9d | Timing: c2a8fa9d
Phase 1 Build RT Design | Checksum: 2fee2fc13

Time (s): cpu = 00:00:09 ; elapsed = 00:00:18 . Memory (MB): peak = 2200.336 ; gain = 66.648

Phase 2 Router Initialization

Phase 2.1 Fix Topology Constraints
Phase 2.1 Fix Topology Constraints | Checksum: 2fee2fc13

Time (s): cpu = 00:00:09 ; elapsed = 00:00:18 . Memory (MB): peak = 2200.336 ; gain = 66.648

Phase 2.2 Pre Route Cleanup
Phase 2.2 Pre Route Cleanup | Checksum: 2fee2fc13

Time (s): cpu = 00:00:09 ; elapsed = 00:00:18 . Memory (MB): peak = 2200.336 ; gain = 66.648
 Number of Nodes with overlaps = 0

Phase 2.3 Update Timing
Phase 2.3 Update Timing | Checksum: 2178c2be0

Time (s): cpu = 00:00:10 ; elapsed = 00:00:19 . Memory (MB): peak = 2205.867 ; gain = 72.180
INFO: [Route 35-416] Intermediate Timing Summary | WNS=-56.035| TNS=-3624.464| WHS=-0.085 | THS=-3.773 |


Router Utilization Summary
  Global Vertical Routing Utilization    = 0 %
  Global Horizontal Routing Utilization  = 0 %
  Routable Net Status*
  *Does not include unroutable nets such as driverless and loadless.
  Run report_route_status for detailed report.
  Number of Failed Nets               = 2183
    (Failed Nets is the sum of unrouted and partially routed nets)
  Number of Unrouted Nets             = 2183
  Number of Partially Routed Nets     = 0
  Number of Node Overlaps             = 0

Phase 2 Router Initialization | Checksum: 2a5f8e888

Time (s): cpu = 00:00:10 ; elapsed = 00:00:20 . Memory (MB): peak = 2205.867 ; gain = 72.180

Phase 3 Global Routing
Phase 3 Global Routing | Checksum: 2a5f8e888

Time (s): cpu = 00:00:10 ; elapsed = 00:00:20 . Memory (MB): peak = 2205.867 ; gain = 72.180

Phase 4 Initial Routing

Phase 4.1 Initial Net Routing Pass
Phase 4.1 Initial Net Routing Pass | Checksum: 15cb518a4

Time (s): cpu = 00:00:10 ; elapsed = 00:00:20 . Memory (MB): peak = 2205.867 ; gain = 72.180
Phase 4 Initial Routing | Checksum: 15cb518a4

Time (s): cpu = 00:00:10 ; elapsed = 00:00:20 . Memory (MB): peak = 2205.867 ; gain = 72.180

Phase 5 Rip-up And Reroute

Phase 5.1 Global Iteration 0
 Number of Nodes with overlaps = 811
 Number of Nodes with overlaps = 196
 Number of Nodes with overlaps = 84
 Number of Nodes with overlaps = 28
 Number of Nodes with overlaps = 11
 Number of Nodes with overlaps = 2
 Number of Nodes with overlaps = 1
 Number of Nodes with overlaps = 1
 Number of Nodes with overlaps = 1
 Number of Nodes with overlaps = 1
 Number of Nodes with overlaps = 0
INFO: [Route 35-416] Intermediate Timing Summary | WNS=-71.832| TNS=-4654.648| WHS=N/A    | THS=N/A    |

Phase 5.1 Global Iteration 0 | Checksum: 1cd034948

Time (s): cpu = 00:00:12 ; elapsed = 00:00:23 . Memory (MB): peak = 2230.035 ; gain = 96.348

Phase 5.2 Global Iteration 1
 Number of Nodes with overlaps = 180
 Number of Nodes with overlaps = 219
 Number of Nodes with overlaps = 81
 Number of Nodes with overlaps = 50
 Number of Nodes with overlaps = 24
 Number of Nodes with overlaps = 13
 Number of Nodes with overlaps = 7
 Number of Nodes with overlaps = 1
 Number of Nodes with overlaps = 10
 Number of Nodes with overlaps = 7
 Number of Nodes with overlaps = 2
 Number of Nodes with overlaps = 3
 Number of Nodes with overlaps = 0
INFO: [Route 35-416] Intermediate Timing Summary | WNS=-72.912| TNS=-4724.847| WHS=N/A    | THS=N/A    |

Phase 5.2 Global Iteration 1 | Checksum: 24cb65c0f

Time (s): cpu = 00:00:15 ; elapsed = 00:00:28 . Memory (MB): peak = 2230.035 ; gain = 96.348
Phase 5 Rip-up And Reroute | Checksum: 24cb65c0f

Time (s): cpu = 00:00:15 ; elapsed = 00:00:28 . Memory (MB): peak = 2230.035 ; gain = 96.348

Phase 6 Delay and Skew Optimization

Phase 6.1 Delay CleanUp

Phase 6.1.1 Update Timing
Phase 6.1.1 Update Timing | Checksum: 259a928c4

Time (s): cpu = 00:00:15 ; elapsed = 00:00:28 . Memory (MB): peak = 2230.035 ; gain = 96.348
INFO: [Route 35-416] Intermediate Timing Summary | WNS=-71.802| TNS=-4654.569| WHS=N/A    | THS=N/A    |

 Number of Nodes with overlaps = 0
Phase 6.1 Delay CleanUp | Checksum: 1c0cab716

Time (s): cpu = 00:00:18 ; elapsed = 00:00:28 . Memory (MB): peak = 2230.035 ; gain = 96.348

Phase 6.2 Clock Skew Optimization
Phase 6.2 Clock Skew Optimization | Checksum: 1c0cab716

Time (s): cpu = 00:00:18 ; elapsed = 00:00:28 . Memory (MB): peak = 2230.035 ; gain = 96.348
Phase 6 Delay and Skew Optimization | Checksum: 1c0cab716

Time (s): cpu = 00:00:18 ; elapsed = 00:00:28 . Memory (MB): peak = 2230.035 ; gain = 96.348

Phase 7 Post Hold Fix

Phase 7.1 Hold Fix Iter
INFO: [Route 35-416] Intermediate Timing Summary | WNS=-71.768| TNS=-4652.359| WHS=0.178  | THS=0.000  |

Phase 7.1 Hold Fix Iter | Checksum: 2217860a6

Time (s): cpu = 00:00:18 ; elapsed = 00:00:29 . Memory (MB): peak = 2230.035 ; gain = 96.348
Phase 7 Post Hold Fix | Checksum: 2217860a6

Time (s): cpu = 00:00:18 ; elapsed = 00:00:29 . Memory (MB): peak = 2230.035 ; gain = 96.348

Phase 8 Route finalize

Router Utilization Summary
  Global Vertical Routing Utilization    = 0.772224 %
  Global Horizontal Routing Utilization  = 0.646018 %
  Routable Net Status*
  *Does not include unroutable nets such as driverless and loadless.
  Run report_route_status for detailed report.
  Number of Failed Nets               = 0
    (Failed Nets is the sum of unrouted and partially routed nets)
  Number of Unrouted Nets             = 0
  Number of Partially Routed Nets     = 0
  Number of Node Overlaps             = 0


--GLOBAL Congestion:
Utilization threshold used for congestion level computation: 0.85
Congestion Report
North Dir 1x1 Area, Max Cong = 41.4414%, No Congested Regions.
South Dir 1x1 Area, Max Cong = 45.9459%, No Congested Regions.
East Dir 1x1 Area, Max Cong = 39.7059%, No Congested Regions.
West Dir 1x1 Area, Max Cong = 45.5882%, No Congested Regions.

------------------------------
Reporting congestion hotspots
------------------------------
Direction: North
----------------
Congested clusters found at Level 0
Effective congestion level: 0 Aspect Ratio: 1 Sparse Ratio: 0
Direction: South
----------------
Congested clusters found at Level 0
Effective congestion level: 0 Aspect Ratio: 1 Sparse Ratio: 0
Direction: East
----------------
Congested clusters found at Level 0
Effective congestion level: 0 Aspect Ratio: 1 Sparse Ratio: 0
Direction: West
----------------
Congested clusters found at Level 0
Effective congestion level: 0 Aspect Ratio: 1 Sparse Ratio: 0

Phase 8 Route finalize | Checksum: 2217860a6

Time (s): cpu = 00:00:18 ; elapsed = 00:00:29 . Memory (MB): peak = 2230.035 ; gain = 96.348

Phase 9 Verifying routed nets

 Verification completed successfully
Phase 9 Verifying routed nets | Checksum: 2217860a6

Time (s): cpu = 00:00:18 ; elapsed = 00:00:29 . Memory (MB): peak = 2230.035 ; gain = 96.348

Phase 10 Depositing Routes
Phase 10 Depositing Routes | Checksum: 2658caf78

Time (s): cpu = 00:00:18 ; elapsed = 00:00:29 . Memory (MB): peak = 2230.035 ; gain = 96.348

Phase 11 Post Process Routing
Phase 11 Post Process Routing | Checksum: 2658caf78

Time (s): cpu = 00:00:18 ; elapsed = 00:00:29 . Memory (MB): peak = 2230.035 ; gain = 96.348

Phase 12 Post Router Timing
INFO: [Route 35-57] Estimated Timing Summary | WNS=-71.768| TNS=-4652.359| WHS=0.178  | THS=0.000  |

WARNING: [Route 35-328] Router estimated timing not met.
Resolution: For a complete and accurate timing signoff, report_timing_summary must be run after route_design. Alternatively, route_design can be run with the -timing_summary option to enable a complete timing signoff at the end of route_design.
Phase 12 Post Router Timing | Checksum: 2658caf78

Time (s): cpu = 00:00:18 ; elapsed = 00:00:29 . Memory (MB): peak = 2230.035 ; gain = 96.348
Total Elapsed time in route_design: 28.737 secs

Phase 13 Post-Route Event Processing
Phase 13 Post-Route Event Processing | Checksum: c004c309

Time (s): cpu = 00:00:18 ; elapsed = 00:00:29 . Memory (MB): peak = 2230.035 ; gain = 96.348
INFO: [Route 35-16] Router Completed Successfully
Ending Routing Task | Checksum: c004c309

Time (s): cpu = 00:00:18 ; elapsed = 00:00:29 . Memory (MB): peak = 2230.035 ; gain = 96.348

Routing Is Done.
INFO: [Common 17-83] Releasing license: Implementation
597 Infos, 1 Warnings, 0 Critical Warnings and 0 Errors encountered.
route_design completed successfully
route_design: Time (s): cpu = 00:00:19 ; elapsed = 00:00:31 . Memory (MB): peak = 2230.035 ; gain = 118.645
INFO: [Vivado 12-24828] Executing command : report_drc -file top_drc_routed.rpt -pb top_drc_routed.pb -rpx top_drc_routed.rpx
Command: report_drc -file top_drc_routed.rpt -pb top_drc_routed.pb -rpx top_drc_routed.rpx
INFO: [IP_Flow 19-1839] IP Catalog is up to date.
INFO: [DRC 23-27] Running DRC with 2 threads
INFO: [Vivado_Tcl 2-168] The results of DRC are in file C:/Users/GeorgeKaladzeAmperox/fpga/project_5/project_5.runs/impl_1/top_drc_routed.rpt.
report_drc completed successfully
INFO: [Vivado 12-24828] Executing command : report_methodology -file top_methodology_drc_routed.rpt -pb top_methodology_drc_routed.pb -rpx top_methodology_drc_routed.rpx
Command: report_methodology -file top_methodology_drc_routed.rpt -pb top_methodology_drc_routed.pb -rpx top_methodology_drc_routed.rpx
INFO: [Timing 38-35] Done setting XDC timing constraints.
INFO: [DRC 23-133] Running Methodology with 2 threads
INFO: [Vivado_Tcl 2-1520] The results of Report Methodology are in file C:/Users/GeorgeKaladzeAmperox/fpga/project_5/project_5.runs/impl_1/top_methodology_drc_routed.rpt.
report_methodology completed successfully
INFO: [Vivado 12-24828] Executing command : report_timing_summary -max_paths 10 -report_unconstrained -file top_timing_summary_routed.rpt -pb top_timing_summary_routed.pb -rpx top_timing_summary_routed.rpx -warn_on_violation 
INFO: [Timing 38-35] Done setting XDC timing constraints.
INFO: [Timing 38-91] UpdateTimingParams: Speed grade: -1, Delay Type: min_max.
INFO: [Timing 38-191] Multithreading enabled for timing update using a maximum of 2 CPUs
CRITICAL WARNING: [Timing 38-282] The design failed to meet the timing requirements. Please see the timing summary report for details on the timing violations.
INFO: [Vivado 12-24838] Running report commands "report_incremental_reuse, report_route_status" in parallel.
Running report generation with 2 threads.
INFO: [Vivado 12-24828] Executing command : report_incremental_reuse -file top_incremental_reuse_routed.rpt
INFO: [Vivado_Tcl 4-1062] Incremental flow is disabled. No incremental reuse Info to report.
INFO: [Vivado 12-24828] Executing command : report_route_status -file top_route_status.rpt -pb top_route_status.pb
INFO: [Vivado 12-24828] Executing command : report_power -file top_power_routed.rpt -pb top_power_summary_routed.pb -rpx top_power_routed.rpx
Command: report_power -file top_power_routed.rpt -pb top_power_summary_routed.pb -rpx top_power_routed.rpx
Running Vector-less Activity Propagation...

Finished Running Vector-less Activity Propagation
614 Infos, 1 Warnings, 1 Critical Warnings and 0 Errors encountered.
report_power completed successfully
INFO: [Vivado 12-24828] Executing command : report_clock_utilization -file top_clock_utilization_routed.rpt
WARNING: [Device 21-9320] Failed to find the Oracle tile group with name 'HSR_BOUNDARY_TOP'. This is required for Clock regions and Virtual grid.
WARNING: [Device 21-2174] Failed to initialize Virtual grid.
INFO: [Vivado 12-24828] Executing command : report_bus_skew -warn_on_violation -file top_bus_skew_routed.rpt -pb top_bus_skew_routed.pb -rpx top_bus_skew_routed.rpx
INFO: [Timing 38-91] UpdateTimingParams: Speed grade: -1, Delay Type: min_max.
INFO: [Timing 38-191] Multithreading enabled for timing update using a maximum of 2 CPUs
INFO: [Timing 38-480] Writing timing data to binary archive.
Write ShapeDB Complete: Time (s): cpu = 00:00:00 ; elapsed = 00:00:00.005 . Memory (MB): peak = 2230.035 ; gain = 0.000
Wrote PlaceDB: Time (s): cpu = 00:00:00 ; elapsed = 00:00:00.193 . Memory (MB): peak = 2230.035 ; gain = 0.000
Wrote PulsedLatchDB: Time (s): cpu = 00:00:00 ; elapsed = 00:00:00 . Memory (MB): peak = 2230.035 ; gain = 0.000
Writing XDEF routing.
Writing XDEF routing logical nets.
Writing XDEF routing special nets.
Wrote RouteStorage: Time (s): cpu = 00:00:00 ; elapsed = 00:00:00.041 . Memory (MB): peak = 2230.035 ; gain = 0.000
Wrote Netlist Cache: Time (s): cpu = 00:00:00 ; elapsed = 00:00:00.004 . Memory (MB): peak = 2230.035 ; gain = 0.000
Wrote Device Cache: Time (s): cpu = 00:00:00 ; elapsed = 00:00:00.007 . Memory (MB): peak = 2230.035 ; gain = 0.000
Write Physdb Complete: Time (s): cpu = 00:00:00 ; elapsed = 00:00:00.252 . Memory (MB): peak = 2230.035 ; gain = 0.000
INFO: [Common 17-1381] The checkpoint 'C:/Users/GeorgeKaladzeAmperox/fpga/project_5/project_5.runs/impl_1/top_routed.dcp' has been generated.
Command: write_bitstream -force top.bit -bin_file
Attempting to get a license for feature 'Implementation' and/or device 'xc7s50'
INFO: [Common 17-349] Got license for feature 'Implementation' and/or device 'xc7s50'
Running DRC as a precondition to command write_bitstream
INFO: [IP_Flow 19-1839] IP Catalog is up to date.
INFO: [DRC 23-27] Running DRC with 2 threads
INFO: [Vivado 12-3199] DRC finished with 0 Errors
INFO: [Vivado 12-3200] Please refer to the DRC report (report_drc) for more information.
INFO: [Designutils 20-2272] Running write_bitstream with 2 threads.
Loading data files...
Loading site data...
Loading route data...
Processing options...
Creating bitmap...
Creating bitstream...
Writing bitstream ./top.bit...
Writing bitstream ./top.bin...
INFO: [Vivado 12-1842] Bitgen Completed Successfully.
INFO: [Project 1-1876] WebTalk data collection is mandatory when using a ULT device. To see the specific WebTalk data collected for your design, open the usage_statistics_webtalk.html or usage_statistics_webtalk.xml file in the implementation directory.
INFO: [Common 17-83] Releasing license: Implementation
629 Infos, 3 Warnings, 1 Critical Warnings and 0 Errors encountered.
write_bitstream completed successfully
write_bitstream: Time (s): cpu = 00:00:07 ; elapsed = 00:00:12 . Memory (MB): peak = 2567.090 ; gain = 337.055
INFO: [Common 17-206] Exiting Vivado at Sat Nov  9 11:53:15 2024...
