
*** Running vivado
    with args -log top.vds -m64 -product Vivado -mode batch -messageDb vivado.pb -notrace -source top.tcl



****** Vivado v2024.1 (64-bit)
  **** SW Build 5076996 on Wed May 22 18:37:14 MDT 2024
  **** IP Build 5075265 on Wed May 22 21:45:21 MDT 2024
  **** SharedData Build 5076995 on Wed May 22 18:29:18 MDT 2024
  **** Start of session at: Sat Nov  9 11:49:38 2024
    ** Copyright 1986-2022 Xilinx, Inc. All Rights Reserved.
    ** Copyright 2022-2024 Advanced Micro Devices, Inc. All Rights Reserved.

source top.tcl -notrace
create_project: Time (s): cpu = 00:00:02 ; elapsed = 00:00:09 . Memory (MB): peak = 556.172 ; gain = 202.797
Command: read_checkpoint -auto_incremental -incremental C:/Users/GeorgeKaladzeAmperox/fpga/project_5/project_5.srcs/utils_1/imports/synth_1/top.dcp
INFO: [Vivado 12-5825] Read reference checkpoint from C:/Users/GeorgeKaladzeAmperox/fpga/project_5/project_5.srcs/utils_1/imports/synth_1/top.dcp for incremental synthesis
INFO: [Vivado 12-7989] Please ensure there are no constraint changes
Command: synth_design -top top -part xc7s50csga324-1
Starting synth_design
Attempting to get a license for feature 'Synthesis' and/or device 'xc7s50'
INFO: [Common 17-349] Got license for feature 'Synthesis' and/or device 'xc7s50'
INFO: [Device 21-403] Loading part xc7s50csga324-1
INFO: [Device 21-9227] Part: xc7s50csga324-1 does not have CEAM library.
INFO: [Designutils 20-5440] No compile time benefit to using incremental synthesis; A full resynthesis will be run
INFO: [Designutils 20-4379] Flow is switching to default flow due to incremental criteria not met. If you would like to alter this behaviour and have the flow terminate instead, please set the following parameter config_implementation {autoIncr.Synth.RejectBehavior Terminate}
INFO: [Synth 8-7079] Multithreading enabled for synth_design using a maximum of 2 processes.
INFO: [Synth 8-7078] Launching helper process for spawning children vivado processes
INFO: [Synth 8-7075] Helper process launched with PID 22820
---------------------------------------------------------------------------------
Starting RTL Elaboration : Time (s): cpu = 00:00:02 ; elapsed = 00:00:07 . Memory (MB): peak = 1403.816 ; gain = 448.012
---------------------------------------------------------------------------------
INFO: [Synth 8-6157] synthesizing module 'top' [C:/Users/GeorgeKaladzeAmperox/fpga/project_5/project_5.srcs/sources_1/new/top.v:3]
INFO: [Synth 8-6157] synthesizing module 'clock_divider' [C:/Users/GeorgeKaladzeAmperox/fpga/project_5/project_5.srcs/sources_1/new/top.v:318]
	Parameter DIV_FACTOR bound to: 50000 - type: integer 
INFO: [Synth 8-6155] done synthesizing module 'clock_divider' (0#1) [C:/Users/GeorgeKaladzeAmperox/fpga/project_5/project_5.srcs/sources_1/new/top.v:318]
INFO: [Synth 8-6157] synthesizing module 'clock_divider__parameterized0' [C:/Users/GeorgeKaladzeAmperox/fpga/project_5/project_5.srcs/sources_1/new/top.v:318]
	Parameter DIV_FACTOR bound to: 100000000 - type: integer 
INFO: [Synth 8-6155] done synthesizing module 'clock_divider__parameterized0' (0#1) [C:/Users/GeorgeKaladzeAmperox/fpga/project_5/project_5.srcs/sources_1/new/top.v:318]
INFO: [Synth 8-6157] synthesizing module 'debounce_btn' [C:/Users/GeorgeKaladzeAmperox/fpga/project_5/project_5.srcs/sources_1/new/top.v:341]
INFO: [Synth 8-6155] done synthesizing module 'debounce_btn' (0#1) [C:/Users/GeorgeKaladzeAmperox/fpga/project_5/project_5.srcs/sources_1/new/top.v:341]
INFO: [Synth 8-6157] synthesizing module 'debounce_bus' [C:/Users/GeorgeKaladzeAmperox/fpga/project_5/project_5.srcs/sources_1/new/top.v:371]
	Parameter WIDTH bound to: 16 - type: integer 
	Parameter CNT_MAX bound to: 1000000 - type: integer 
INFO: [Synth 8-6155] done synthesizing module 'debounce_bus' (0#1) [C:/Users/GeorgeKaladzeAmperox/fpga/project_5/project_5.srcs/sources_1/new/top.v:371]
INFO: [Synth 8-6157] synthesizing module 'rgb_control' [C:/Users/GeorgeKaladzeAmperox/fpga/project_5/project_5.srcs/sources_1/new/top.v:406]
INFO: [Synth 8-6155] done synthesizing module 'rgb_control' (0#1) [C:/Users/GeorgeKaladzeAmperox/fpga/project_5/project_5.srcs/sources_1/new/top.v:406]
INFO: [Synth 8-6157] synthesizing module 'led_shift_register_main' [C:/Users/GeorgeKaladzeAmperox/fpga/project_5/project_5.srcs/sources_1/new/top.v:474]
INFO: [Synth 8-6155] done synthesizing module 'led_shift_register_main' (0#1) [C:/Users/GeorgeKaladzeAmperox/fpga/project_5/project_5.srcs/sources_1/new/top.v:474]
INFO: [Synth 8-6157] synthesizing module 'scroll_message' [C:/Users/GeorgeKaladzeAmperox/fpga/project_5/project_5.srcs/sources_1/new/top.v:498]
INFO: [Synth 8-6155] done synthesizing module 'scroll_message' (0#1) [C:/Users/GeorgeKaladzeAmperox/fpga/project_5/project_5.srcs/sources_1/new/top.v:498]
INFO: [Synth 8-6157] synthesizing module 'display_controller' [C:/Users/GeorgeKaladzeAmperox/fpga/project_5/project_5.srcs/sources_1/new/top.v:563]
INFO: [Synth 8-6157] synthesizing module 'binary_to_BCD' [C:/Users/GeorgeKaladzeAmperox/fpga/project_5/project_5.srcs/sources_1/new/top.v:660]
INFO: [Synth 8-6155] done synthesizing module 'binary_to_BCD' (0#1) [C:/Users/GeorgeKaladzeAmperox/fpga/project_5/project_5.srcs/sources_1/new/top.v:660]
INFO: [Synth 8-6157] synthesizing module 'seven_segment_display' [C:/Users/GeorgeKaladzeAmperox/fpga/project_5/project_5.srcs/sources_1/new/top.v:698]
INFO: [Synth 8-226] default block is never used [C:/Users/GeorgeKaladzeAmperox/fpga/project_5/project_5.srcs/sources_1/new/top.v:735]
INFO: [Synth 8-6155] done synthesizing module 'seven_segment_display' (0#1) [C:/Users/GeorgeKaladzeAmperox/fpga/project_5/project_5.srcs/sources_1/new/top.v:698]
INFO: [Synth 8-6155] done synthesizing module 'display_controller' (0#1) [C:/Users/GeorgeKaladzeAmperox/fpga/project_5/project_5.srcs/sources_1/new/top.v:563]
INFO: [Synth 8-6155] done synthesizing module 'top' (0#1) [C:/Users/GeorgeKaladzeAmperox/fpga/project_5/project_5.srcs/sources_1/new/top.v:3]
WARNING: [Synth 8-6014] Unused sequential element letter_code_reg was removed.  [C:/Users/GeorgeKaladzeAmperox/fpga/project_5/project_5.srcs/sources_1/new/top.v:728]
WARNING: [Synth 8-6014] Unused sequential element seg_code_reg was removed.  [C:/Users/GeorgeKaladzeAmperox/fpga/project_5/project_5.srcs/sources_1/new/top.v:736]
WARNING: [Synth 8-6014] Unused sequential element digit_reg was removed.  [C:/Users/GeorgeKaladzeAmperox/fpga/project_5/project_5.srcs/sources_1/new/top.v:764]
WARNING: [Synth 8-7129] Port sw_debounced[15] in module display_controller is either unconnected or has no load
WARNING: [Synth 8-7129] Port sw_debounced[14] in module display_controller is either unconnected or has no load
---------------------------------------------------------------------------------
Finished RTL Elaboration : Time (s): cpu = 00:00:04 ; elapsed = 00:00:10 . Memory (MB): peak = 1523.574 ; gain = 567.770
---------------------------------------------------------------------------------
---------------------------------------------------------------------------------
Start Handling Custom Attributes
---------------------------------------------------------------------------------
---------------------------------------------------------------------------------
Finished Handling Custom Attributes : Time (s): cpu = 00:00:04 ; elapsed = 00:00:10 . Memory (MB): peak = 1523.574 ; gain = 567.770
---------------------------------------------------------------------------------
---------------------------------------------------------------------------------
Finished RTL Optimization Phase 1 : Time (s): cpu = 00:00:04 ; elapsed = 00:00:10 . Memory (MB): peak = 1523.574 ; gain = 567.770
---------------------------------------------------------------------------------
Netlist sorting complete. Time (s): cpu = 00:00:00 ; elapsed = 00:00:00.043 . Memory (MB): peak = 1523.574 ; gain = 0.000
INFO: [Project 1-570] Preparing netlist for logic optimization

Processing XDC Constraints
Initializing timing engine
Parsing XDC File [C:/Users/GeorgeKaladzeAmperox/fpga/project_5/project_5.srcs/constrs_1/new/boolean.xdc]
Finished Parsing XDC File [C:/Users/GeorgeKaladzeAmperox/fpga/project_5/project_5.srcs/constrs_1/new/boolean.xdc]
INFO: [Project 1-236] Implementation specific constraints were found while reading constraint file [C:/Users/GeorgeKaladzeAmperox/fpga/project_5/project_5.srcs/constrs_1/new/boolean.xdc]. These constraints will be ignored for synthesis but will be used in implementation. Impacted constraints are listed in the file [.Xil/top_propImpl.xdc].
Resolution: To avoid this warning, move constraints listed in [.Xil/top_propImpl.xdc] to another XDC file and exclude this new file from synthesis with the used_in_synthesis property (File Properties dialog in GUI) and re-run elaboration/synthesis.
Completed Processing XDC Constraints

Netlist sorting complete. Time (s): cpu = 00:00:00 ; elapsed = 00:00:00 . Memory (MB): peak = 1626.270 ; gain = 0.000
INFO: [Project 1-111] Unisim Transformation Summary:
No Unisim elements were transformed.

Constraint Validation Runtime : Time (s): cpu = 00:00:00 ; elapsed = 00:00:00.010 . Memory (MB): peak = 1626.270 ; gain = 0.000
INFO: [Designutils 20-5440] No compile time benefit to using incremental synthesis; A full resynthesis will be run
INFO: [Designutils 20-4379] Flow is switching to default flow due to incremental criteria not met. If you would like to alter this behaviour and have the flow terminate instead, please set the following parameter config_implementation {autoIncr.Synth.RejectBehavior Terminate}
---------------------------------------------------------------------------------
Finished Constraint Validation : Time (s): cpu = 00:00:08 ; elapsed = 00:00:20 . Memory (MB): peak = 1626.270 ; gain = 670.465
---------------------------------------------------------------------------------
---------------------------------------------------------------------------------
Start Loading Part and Timing Information
---------------------------------------------------------------------------------
Loading part: xc7s50csga324-1
---------------------------------------------------------------------------------
Finished Loading Part and Timing Information : Time (s): cpu = 00:00:08 ; elapsed = 00:00:20 . Memory (MB): peak = 1626.270 ; gain = 670.465
---------------------------------------------------------------------------------
---------------------------------------------------------------------------------
Start Applying 'set_property' XDC Constraints
---------------------------------------------------------------------------------
---------------------------------------------------------------------------------
Finished applying 'set_property' XDC Constraints : Time (s): cpu = 00:00:08 ; elapsed = 00:00:20 . Memory (MB): peak = 1626.270 ; gain = 670.465
---------------------------------------------------------------------------------
---------------------------------------------------------------------------------
Finished RTL Optimization Phase 2 : Time (s): cpu = 00:00:09 ; elapsed = 00:00:22 . Memory (MB): peak = 1626.270 ; gain = 670.465
---------------------------------------------------------------------------------
---------------------------------------------------------------------------------
Start RTL Component Statistics 
---------------------------------------------------------------------------------
Detailed RTL Component Info : 
+---Adders : 
	   2 Input   64 Bit       Adders := 1     
	   2 Input   32 Bit       Adders := 7     
	   2 Input   26 Bit       Adders := 1     
	   2 Input   20 Bit       Adders := 1     
	   2 Input   17 Bit       Adders := 1     
	   2 Input   16 Bit       Adders := 1     
	   2 Input    6 Bit       Adders := 7     
	   2 Input    5 Bit       Adders := 2     
	   2 Input    4 Bit       Adders := 136   
	   2 Input    2 Bit       Adders := 4     
+---XORs : 
	   2 Input     16 Bit         XORs := 1     
+---Registers : 
	               36 Bit    Registers := 1     
	               32 Bit    Registers := 2     
	               16 Bit    Registers := 9     
	                8 Bit    Registers := 2     
	                5 Bit    Registers := 1     
	                4 Bit    Registers := 10    
	                2 Bit    Registers := 3     
	                1 Bit    Registers := 26    
+---Muxes : 
	   2 Input   32 Bit        Muxes := 11    
	   2 Input   20 Bit        Muxes := 1     
	   2 Input   16 Bit        Muxes := 14    
	   6 Input   16 Bit        Muxes := 4     
	   2 Input   14 Bit        Muxes := 4     
	   2 Input    8 Bit        Muxes := 10    
	   2 Input    5 Bit        Muxes := 1     
	   3 Input    5 Bit        Muxes := 1     
	   2 Input    4 Bit        Muxes := 105   
	   4 Input    4 Bit        Muxes := 6     
	   2 Input    2 Bit        Muxes := 3     
	   7 Input    2 Bit        Muxes := 2     
	   2 Input    1 Bit        Muxes := 21    
	   4 Input    1 Bit        Muxes := 5     
	   8 Input    1 Bit        Muxes := 2     
	   7 Input    1 Bit        Muxes := 2     
---------------------------------------------------------------------------------
Finished RTL Component Statistics 
---------------------------------------------------------------------------------
---------------------------------------------------------------------------------
Start Part Resource Summary
---------------------------------------------------------------------------------
Part Resources:
DSPs: 120 (col length:60)
BRAMs: 150 (col length: RAMB18 60 RAMB36 30)
---------------------------------------------------------------------------------
Finished Part Resource Summary
---------------------------------------------------------------------------------
---------------------------------------------------------------------------------
Start Cross Boundary and Area Optimization
---------------------------------------------------------------------------------
WARNING: [Synth 8-7080] Parallel synthesis criteria is not met
WARNING: [Synth 8-7129] Port sw_debounced[15] in module display_controller is either unconnected or has no load
WARNING: [Synth 8-7129] Port sw_debounced[14] in module display_controller is either unconnected or has no load
---------------------------------------------------------------------------------
Finished Cross Boundary and Area Optimization : Time (s): cpu = 00:00:18 ; elapsed = 00:00:38 . Memory (MB): peak = 1626.270 ; gain = 670.465
---------------------------------------------------------------------------------
---------------------------------------------------------------------------------
Start ROM, RAM, DSP, Shift Register and Retiming Reporting
---------------------------------------------------------------------------------

ROM: Preliminary Mapping Report
+---------------+---------------+---------------+----------------+
|Module Name    | RTL Object    | Depth x Width | Implemented As | 
+---------------+---------------+---------------+----------------+
|scroll_message | scroll_buffer | 32x4          | LUT            | 
|scroll_message | scroll_buffer | 32x4          | LUT            | 
|scroll_message | scroll_buffer | 32x4          | LUT            | 
|scroll_message | scroll_buffer | 32x4          | LUT            | 
|scroll_message | scroll_buffer | 32x4          | LUT            | 
|scroll_message | scroll_buffer | 32x4          | LUT            | 
|scroll_message | scroll_buffer | 32x4          | LUT            | 
|scroll_message | scroll_buffer | 32x4          | LUT            | 
|scroll_message | p_0_out       | 32x4          | LUT            | 
|scroll_message | p_0_out       | 32x4          | LUT            | 
|scroll_message | p_0_out       | 32x4          | LUT            | 
|scroll_message | p_0_out       | 32x4          | LUT            | 
|scroll_message | p_0_out       | 32x4          | LUT            | 
|scroll_message | p_0_out       | 32x4          | LUT            | 
|scroll_message | p_0_out       | 32x4          | LUT            | 
|scroll_message | p_0_out       | 32x4          | LUT            | 
+---------------+---------------+---------------+----------------+

---------------------------------------------------------------------------------
Finished ROM, RAM, DSP, Shift Register and Retiming Reporting
---------------------------------------------------------------------------------
---------------------------------------------------------------------------------
Start Applying XDC Timing Constraints
---------------------------------------------------------------------------------
---------------------------------------------------------------------------------
Finished Applying XDC Timing Constraints : Time (s): cpu = 00:00:21 ; elapsed = 00:00:44 . Memory (MB): peak = 1626.270 ; gain = 670.465
---------------------------------------------------------------------------------
---------------------------------------------------------------------------------
Start Timing Optimization
---------------------------------------------------------------------------------
---------------------------------------------------------------------------------
Finished Timing Optimization : Time (s): cpu = 00:00:25 ; elapsed = 00:00:50 . Memory (MB): peak = 1626.270 ; gain = 670.465
---------------------------------------------------------------------------------
---------------------------------------------------------------------------------
Start Technology Mapping
---------------------------------------------------------------------------------
---------------------------------------------------------------------------------
Finished Technology Mapping : Time (s): cpu = 00:00:25 ; elapsed = 00:00:52 . Memory (MB): peak = 1626.270 ; gain = 670.465
---------------------------------------------------------------------------------
---------------------------------------------------------------------------------
Start IO Insertion
---------------------------------------------------------------------------------
---------------------------------------------------------------------------------
Start Flattening Before IO Insertion
---------------------------------------------------------------------------------
---------------------------------------------------------------------------------
Finished Flattening Before IO Insertion
---------------------------------------------------------------------------------
---------------------------------------------------------------------------------
Start Final Netlist Cleanup
---------------------------------------------------------------------------------
---------------------------------------------------------------------------------
Finished Final Netlist Cleanup
---------------------------------------------------------------------------------
---------------------------------------------------------------------------------
Finished IO Insertion : Time (s): cpu = 00:00:28 ; elapsed = 00:00:58 . Memory (MB): peak = 1634.324 ; gain = 678.520
---------------------------------------------------------------------------------
---------------------------------------------------------------------------------
Start Renaming Generated Instances
---------------------------------------------------------------------------------
---------------------------------------------------------------------------------
Finished Renaming Generated Instances : Time (s): cpu = 00:00:28 ; elapsed = 00:00:58 . Memory (MB): peak = 1634.324 ; gain = 678.520
---------------------------------------------------------------------------------
---------------------------------------------------------------------------------
Start Rebuilding User Hierarchy
---------------------------------------------------------------------------------
---------------------------------------------------------------------------------
Finished Rebuilding User Hierarchy : Time (s): cpu = 00:00:28 ; elapsed = 00:00:58 . Memory (MB): peak = 1634.324 ; gain = 678.520
---------------------------------------------------------------------------------
---------------------------------------------------------------------------------
Start Renaming Generated Ports
---------------------------------------------------------------------------------
---------------------------------------------------------------------------------
Finished Renaming Generated Ports : Time (s): cpu = 00:00:28 ; elapsed = 00:00:58 . Memory (MB): peak = 1634.324 ; gain = 678.520
---------------------------------------------------------------------------------
---------------------------------------------------------------------------------
Start Handling Custom Attributes
---------------------------------------------------------------------------------
---------------------------------------------------------------------------------
Finished Handling Custom Attributes : Time (s): cpu = 00:00:28 ; elapsed = 00:00:58 . Memory (MB): peak = 1634.324 ; gain = 678.520
---------------------------------------------------------------------------------
---------------------------------------------------------------------------------
Start Renaming Generated Nets
---------------------------------------------------------------------------------
---------------------------------------------------------------------------------
Finished Renaming Generated Nets : Time (s): cpu = 00:00:28 ; elapsed = 00:00:58 . Memory (MB): peak = 1634.324 ; gain = 678.520
---------------------------------------------------------------------------------
---------------------------------------------------------------------------------
Start Writing Synthesis Report
---------------------------------------------------------------------------------

Report BlackBoxes: 
+-+--------------+----------+
| |BlackBox name |Instances |
+-+--------------+----------+
+-+--------------+----------+

Report Cell Usage: 
+------+-------+------+
|      |Cell   |Count |
+------+-------+------+
|1     |BUFG   |     3|
|2     |CARRY4 |   297|
|3     |LUT1   |    64|
|4     |LUT2   |   129|
|5     |LUT3   |   108|
|6     |LUT4   |   129|
|7     |LUT5   |   161|
|8     |LUT6   |   650|
|9     |FDRE   |   801|
|10    |FDSE   |    19|
|11    |IBUF   |    21|
|12    |OBUF   |    44|
+------+-------+------+
---------------------------------------------------------------------------------
Finished Writing Synthesis Report : Time (s): cpu = 00:00:28 ; elapsed = 00:00:58 . Memory (MB): peak = 1634.324 ; gain = 678.520
---------------------------------------------------------------------------------
Synthesis finished with 0 errors, 0 critical warnings and 3 warnings.
Synthesis Optimization Runtime : Time (s): cpu = 00:00:23 ; elapsed = 00:00:56 . Memory (MB): peak = 1634.324 ; gain = 575.824
Synthesis Optimization Complete : Time (s): cpu = 00:00:28 ; elapsed = 00:00:59 . Memory (MB): peak = 1634.324 ; gain = 678.520
INFO: [Project 1-571] Translating synthesized netlist
Netlist sorting complete. Time (s): cpu = 00:00:00 ; elapsed = 00:00:00.031 . Memory (MB): peak = 1643.504 ; gain = 0.000
INFO: [Netlist 29-17] Analyzing 297 Unisim elements for replacement
INFO: [Netlist 29-28] Unisim Transformation completed in 0 CPU seconds
INFO: [Project 1-570] Preparing netlist for logic optimization
INFO: [Opt 31-138] Pushed 0 inverter(s) to 0 load pin(s).
Netlist sorting complete. Time (s): cpu = 00:00:00 ; elapsed = 00:00:00 . Memory (MB): peak = 1647.184 ; gain = 0.000
INFO: [Project 1-111] Unisim Transformation Summary:
No Unisim elements were transformed.

Synth Design complete | Checksum: 9455e3b4
INFO: [Common 17-83] Releasing license: Synthesis
45 Infos, 8 Warnings, 0 Critical Warnings and 0 Errors encountered.
synth_design completed successfully
synth_design: Time (s): cpu = 00:00:31 ; elapsed = 00:01:06 . Memory (MB): peak = 1647.184 ; gain = 1085.820
Write ShapeDB Complete: Time (s): cpu = 00:00:00 ; elapsed = 00:00:00.010 . Memory (MB): peak = 1647.184 ; gain = 0.000
INFO: [Common 17-1381] The checkpoint 'C:/Users/GeorgeKaladzeAmperox/fpga/project_5/project_5.runs/synth_1/top.dcp' has been generated.
INFO: [Vivado 12-24828] Executing command : report_utilization -file top_utilization_synth.rpt -pb top_utilization_synth.pb
INFO: [Common 17-206] Exiting Vivado at Sat Nov  9 11:50:56 2024...
